Cleaning up previous run files in 3_...
Removed directory: 3_
Using output directory: 3_

Primer design settings are stored in PCR_primer_settings.txt
You can modify the settings by editing this file.
Waiting for input: Do you want to modify primer design settings? (yes/no): 
Found 1 consensus files to process

============================================================
Processing file 1 of 1: 2_/CONSENSUS_0.fasta
Processing file: 2_/CONSENSUS_0.fasta
>Puccinia_recondita_elongation factor 1 alpha_tef1_consensus_group_0
Waiting for input: Enter amplicon length range (e.g., 100-250): 
Waiting for input: Enter maximum number of primer sets to generate: 

Current Primer Design Settings:
===============================

Primer Size:
  PRIMER_MIN_SIZE = 18
  PRIMER_OPT_SIZE = 20
  PRIMER_MAX_SIZE = 23

Melting Temperature:
  PRIMER_MIN_TM = 57.0
  PRIMER_OPT_TM = 59.0
  PRIMER_MAX_TM = 62.0
  PRIMER_MAX_DIFF_TM = 5.0

GC Content:
  PRIMER_MIN_GC = 30.0
  PRIMER_OPT_GC_PERCENT = 50.0
  PRIMER_MAX_GC = 70.0

Probe Parameters:
  PRIMER_INTERNAL_MIN_SIZE = 18
  PRIMER_INTERNAL_OPT_SIZE = 20
  PRIMER_INTERNAL_MAX_SIZE = 27
  PRIMER_INTERNAL_MIN_TM = 57.0
  PRIMER_INTERNAL_OPT_TM = 60.0
  PRIMER_INTERNAL_MAX_TM = 63.0
  PRIMER_INTERNAL_MIN_GC = 20.0
  PRIMER_INTERNAL_OPT_GC_PERCENT = 50.0
  PRIMER_INTERNAL_MAX_GC = 80.0

Structural Constraints:
  PRIMER_MAX_POLY_X = 4
  PRIMER_MAX_SELF_ANY_TH = 45.0
  PRIMER_MAX_SELF_END_TH = 35.0
  PRIMER_MAX_HAIRPIN_TH = 24.0
  PRIMER_INTERNAL_MAX_POLY_X = 5
  PRIMER_INTERNAL_MAX_SELF_ANY_TH = 47.0
  PRIMER_INTERNAL_MAX_SELF_END_TH = 47.0
  PRIMER_INTERNAL_MAX_HAIRPIN_TH = 47.0

Chemical Parameters:
  PRIMER_SALT_MONOVALENT = 50.0
  PRIMER_SALT_DIVALENT = 1.5
  PRIMER_DNA_CONC = 50.0

For a complete list of all settings, please see PCR_primer_settings.txt
Read sequence of length 516 bp
Sequence starts with: GTCGATTCGTAAGTCNTNNC
Sequence ends with: TGCNATCCTCATCATTGCTG
Sequence hash: 6e34323e154d34ef58f9aeac388a5d2c
Sequence contains 31.6% ambiguous bases (N), which may limit primer design.
Designing up to 20 primer sets for recondita...
Starting primer design on sequence of length 516 bp
Primer3 args: SEQUENCE_INCLUDED_REGION=[0, 516], excluded regions count: 0
Trying primer3.design_primers...
Primer design completed in 0.00 seconds, found 0 primer pairs
No suitable primers found with current settings
Attempting primer design with simplified settings...
Trying design_primers in primer3 module directly...
Simplified approach failed to design primers
Primer3 did not return any results for recondita
Failed to create valid output file for 2_/CONSENSUS_0.fasta

Primer design failed for all files. Please check the logs for details.
Cleaning up previous run files in 3_...
Removed directory: 3_
Using output directory: 3_

Primer design settings are stored in PCR_primer_settings.txt
You can modify the settings by editing this file.
Waiting for input: Do you want to modify primer design settings? (yes/no): 
Found 1 consensus files to process

============================================================
Processing file 1 of 1: 2_/CONSENSUS_0.fasta
Processing file: 2_/CONSENSUS_0.fasta
>Puccinia_recondita_elongation factor 1 alpha_tef1_consensus_group_0
Waiting for input: Enter amplicon length range (e.g., 100-250): 
Waiting for input: Enter maximum number of primer sets to generate: 

Current Primer Design Settings:
===============================

Primer Size:
  PRIMER_MIN_SIZE = 18
  PRIMER_OPT_SIZE = 20
  PRIMER_MAX_SIZE = 23

Melting Temperature:
  PRIMER_MIN_TM = 57.0
  PRIMER_OPT_TM = 59.0
  PRIMER_MAX_TM = 62.0
  PRIMER_MAX_DIFF_TM = 5.0

GC Content:
  PRIMER_MIN_GC = 30.0
  PRIMER_OPT_GC_PERCENT = 50.0
  PRIMER_MAX_GC = 70.0

Probe Parameters:
  PRIMER_INTERNAL_MIN_SIZE = 18
  PRIMER_INTERNAL_OPT_SIZE = 20
  PRIMER_INTERNAL_MAX_SIZE = 27
  PRIMER_INTERNAL_MIN_TM = 57.0
  PRIMER_INTERNAL_OPT_TM = 60.0
  PRIMER_INTERNAL_MAX_TM = 63.0
  PRIMER_INTERNAL_MIN_GC = 20.0
  PRIMER_INTERNAL_OPT_GC_PERCENT = 50.0
  PRIMER_INTERNAL_MAX_GC = 80.0

Structural Constraints:
  PRIMER_MAX_POLY_X = 4
  PRIMER_MAX_SELF_ANY_TH = 45.0
  PRIMER_MAX_SELF_END_TH = 35.0
  PRIMER_MAX_HAIRPIN_TH = 24.0
  PRIMER_INTERNAL_MAX_POLY_X = 5
  PRIMER_INTERNAL_MAX_SELF_ANY_TH = 47.0
  PRIMER_INTERNAL_MAX_SELF_END_TH = 47.0
  PRIMER_INTERNAL_MAX_HAIRPIN_TH = 47.0

Chemical Parameters:
  PRIMER_SALT_MONOVALENT = 50.0
  PRIMER_SALT_DIVALENT = 1.5
  PRIMER_DNA_CONC = 50.0

For a complete list of all settings, please see PCR_primer_settings.txt
Read sequence of length 516 bp
Sequence starts with: GTCGATTCGTAAGTCGTNNC
Sequence ends with: TGCNATCCTCATCATTGCTG
Sequence hash: 76b4cc9bde45fae369a304ddf14a6d54
Sequence contains 26.4% ambiguous bases (N), which may limit primer design.
Designing up to 20 primer sets for recondita...
Starting primer design on sequence of length 516 bp
Primer3 args: SEQUENCE_INCLUDED_REGION=[0, 516], excluded regions count: 0
Trying primer3.design_primers...
Primer design completed in 0.00 seconds, found 0 primer pairs
No suitable primers found with current settings
Attempting primer design with simplified settings...
Trying design_primers in primer3 module directly...
Simplified approach failed to design primers
Primer3 did not return any results for recondita
Failed to create valid output file for 2_/CONSENSUS_0.fasta

Primer design failed for all files. Please check the logs for details.
Cleaning up previous run files in 3_...
Removed directory: 3_
Using output directory: 3_

Primer design settings are stored in PCR_primer_settings.txt
You can modify the settings by editing this file.
Waiting for input: Do you want to modify primer design settings? (yes/no): 
Found 1 consensus files to process

============================================================
Processing file 1 of 1: 2_/CONSENSUS_0.fasta
Processing file: 2_/CONSENSUS_0.fasta
>Puccinia_recondita_elongation factor 1 alpha_tef1_consensus_group_0
Waiting for input: Enter amplicon length range (e.g., 100-250): 
Waiting for input: Enter maximum number of primer sets to generate: 

Current Primer Design Settings:
===============================

Primer Size:
  PRIMER_MIN_SIZE = 18
  PRIMER_OPT_SIZE = 20
  PRIMER_MAX_SIZE = 23

Melting Temperature:
  PRIMER_MIN_TM = 57.0
  PRIMER_OPT_TM = 59.0
  PRIMER_MAX_TM = 62.0
  PRIMER_MAX_DIFF_TM = 5.0

GC Content:
  PRIMER_MIN_GC = 30.0
  PRIMER_OPT_GC_PERCENT = 50.0
  PRIMER_MAX_GC = 70.0

Probe Parameters:
  PRIMER_INTERNAL_MIN_SIZE = 18
  PRIMER_INTERNAL_OPT_SIZE = 20
  PRIMER_INTERNAL_MAX_SIZE = 27
  PRIMER_INTERNAL_MIN_TM = 57.0
  PRIMER_INTERNAL_OPT_TM = 60.0
  PRIMER_INTERNAL_MAX_TM = 63.0
  PRIMER_INTERNAL_MIN_GC = 20.0
  PRIMER_INTERNAL_OPT_GC_PERCENT = 50.0
  PRIMER_INTERNAL_MAX_GC = 80.0

Structural Constraints:
  PRIMER_MAX_POLY_X = 4
  PRIMER_MAX_SELF_ANY_TH = 45.0
  PRIMER_MAX_SELF_END_TH = 35.0
  PRIMER_MAX_HAIRPIN_TH = 24.0
  PRIMER_INTERNAL_MAX_POLY_X = 5
  PRIMER_INTERNAL_MAX_SELF_ANY_TH = 47.0
  PRIMER_INTERNAL_MAX_SELF_END_TH = 47.0
  PRIMER_INTERNAL_MAX_HAIRPIN_TH = 47.0

Chemical Parameters:
  PRIMER_SALT_MONOVALENT = 50.0
  PRIMER_SALT_DIVALENT = 1.5
  PRIMER_DNA_CONC = 50.0

For a complete list of all settings, please see PCR_primer_settings.txt
Read sequence of length 516 bp
Sequence starts with: GTCGATTCGTAAGTCGTNCC
Sequence ends with: TGCTATCCTCATCATTGCTG
Sequence hash: 6e4cdc2f4c0ee43be8944793d4189e8b
Sequence contains 15.7% ambiguous bases (N), which may limit primer design.
Designing up to 20 primer sets for recondita...
Starting primer design on sequence of length 516 bp
Primer3 args: SEQUENCE_INCLUDED_REGION=[0, 516], excluded regions count: 0
Trying primer3.design_primers...
Primer design completed in 0.04 seconds, found 20 primer pairs
Results saved to: 3_/CONSENSUS_0_primers.csv
Saved 20 primer sets
Successfully designed 20 primer sets for recondita
Saved 20 primer sets to 3_/CONSENSUS_0_primers.csv

Primer design successfully completed for 1 out of 1 files.
