PrimeSpecPCR - Primer Specificity Test Module
============================================
Using email: adamkuzdralinski@gmail.com
Using API key: a5d69...1bb08

Specificity Evaluation Against Target Taxonomy
============================================
Waiting for input: Enter NCBI Taxonomy ID(s) to evaluate primer specificity against (comma-separated): 
Using target taxonomy IDs: 31869
Loaded settings from primer_specificity_settings.txt

Current Primer Specificity Test Settings:
=======================================
Maximum BLAST hits: 2000
Minimum identity (%): 60.0
Maximum E-value: 5000.0
Word size: 5
Fetch limit: 1000

Primer Specificity Stringency:
Maximum total mismatches for specificity: 3
Maximum 3' end mismatches: 2
3' end region size (bp): 5
Maximum probe mismatches: 3

Directories:
Cache directory: 4_cache
Output directory: 4_
=======================================
Waiting for input: Do you want to modify specificity test settings? (yes/no): 
Waiting for input: Do you want to clear the cache and force new BLAST searches? (yes/no): 
Clearing cache directory: 4_cache
Cache cleared successfully
Found 1 primer files

Processing file 1 of 1: CONSENSUS_0_primers.csv
Read 10 primer pairs from 3_/CONSENSUS_0_primers.csv
Processing primer pair 1 (1 of 10)
Found 824 matching sequences.
Fetching taxonomy information for 824 matches, please wait..
Success
Progress: 10.0%
Processing primer pair 2 (2 of 10)
Found 830 matching sequences.
Fetching taxonomy information for 830 matches, please wait..
Success
Progress: 20.0%
Processing primer pair 3 (3 of 10)
Using cached results for left primer: GTTTCCCTCAGCACCACCT
Found 824 matching sequences.
Fetching taxonomy information for 824 matches, please wait..
Success
Progress: 30.0%
Processing primer pair 4 (4 of 10)
Using cached results for left primer: TTTCCCTCAGCACCACCTG
Found 830 matching sequences.
Fetching taxonomy information for 830 matches, please wait..
Success
Progress: 40.0%
Processing primer pair 5 (5 of 10)
Using cached results for left primer: GTTTCCCTCAGCACCACCT
Found 824 matching sequences.
Fetching taxonomy information for 824 matches, please wait..
Success
Progress: 50.0%
Processing primer pair 6 (6 of 10)
Using cached results for left primer: TTTCCCTCAGCACCACCTG
Found 829 matching sequences.
Fetching taxonomy information for 829 matches, please wait..
Success
Progress: 60.0%
Processing primer pair 7 (7 of 10)
Found 839 matching sequences.
Fetching taxonomy information for 839 matches, please wait..
Success
Progress: 70.0%
Processing primer pair 8 (8 of 10)
Using cached results for left primer: GTTTCCCTCAGCACCACCTG
Found 839 matching sequences.
Fetching taxonomy information for 839 matches, please wait..
Success
Progress: 80.0%
Processing primer pair 9 (9 of 10)
Found 878 matching sequences.
Fetching taxonomy information for 878 matches, please wait..
Success
Progress: 90.0%
Processing primer pair 10 (10 of 10)
Found 832 matching sequences.
Fetching taxonomy information for 832 matches, please wait..
Success
Progress: 100.0%
Created HTML report at 4_/specificity_report_CONSENSUS_0_primers.html
Opening report in default browser: /Users/adamkuzdralinski/Desktop/PJATK/SoftwareX/PrimeSpecPCR-main/4_/specificity_report_CONSENSUS_0_primers.html

Specificity analysis complete! Report saved to 4_/specificity_report_CONSENSUS_0_primers.html
You can open an HTML file in the  web browser.
