PrimeSpecPCR - Primer Specificity Test Module
============================================
Using email: adamkuzdralinski@gmail.com
Using API key: a5d69...1bb08

Specificity Evaluation Against Target Taxonomy
============================================
Waiting for input: Enter NCBI Taxonomy ID(s) to evaluate primer specificity against (comma-separated): 
Using target taxonomy IDs: 158
Loaded settings from primer_specificity_settings.txt

Current Primer Specificity Test Settings:
=======================================
Maximum BLAST hits: 2000
Minimum identity (%): 60.0
Maximum E-value: 5000.0
Word size: 5
Fetch limit: 1000

Primer Specificity Stringency:
Maximum total mismatches for specificity: 3
Maximum 3' end mismatches: 2
3' end region size (bp): 5
Maximum probe mismatches: 3

Directories:
Cache directory: 4_cache
Output directory: 4_
=======================================
Waiting for input: Do you want to modify specificity test settings? (yes/no): 
Waiting for input: Do you want to clear the cache and force new BLAST searches? (yes/no): 
Clearing cache directory: 4_cache
Cache cleared successfully
Found 3 primer files

Available primer files:
1: CONSENSUS_0_primers.csv
2: CONSENSUS_1_primers.csv
3: CONSENSUS_2_primers.csv
Waiting for input: Enter file numbers to analyze (comma-separated, or 'all'): 

Processing file 1 of 3: CONSENSUS_0_primers.csv
Read 10 primer pairs from 3_/CONSENSUS_0_primers.csv
Processing primer pair 1 (1 of 10)
Found 13 matching sequences.
Fetching taxonomy information for 13 matches, please wait..
Success
Progress: 10.0%
Processing primer pair 2 (2 of 10)
Found 13 matching sequences.
Fetching taxonomy information for 13 matches, please wait..
Success
Progress: 20.0%
Processing primer pair 3 (3 of 10)
Found 13 matching sequences.
Fetching taxonomy information for 13 matches, please wait..
Success
Progress: 30.0%
Processing primer pair 4 (4 of 10)
Using cached results for left primer: GGAGTTGTAACGATAATAGGCCG
Found 13 matching sequences.
Fetching taxonomy information for 13 matches, please wait..
Success
Progress: 40.0%
Processing primer pair 5 (5 of 10)
Using cached results for left primer: GGAGTTGTAACGATAATAGGCCG
Found 13 matching sequences.
Fetching taxonomy information for 13 matches, please wait..
Success
Progress: 50.0%
Processing primer pair 6 (6 of 10)
Using cached results for left primer: CGGAGTTGTAACGATAATAGGCC
Found 13 matching sequences.
Fetching taxonomy information for 13 matches, please wait..
Success
Progress: 60.0%
Processing primer pair 7 (7 of 10)
Using cached results for left primer: CGGAGTTGTAACGATAATAGGCC
Found 13 matching sequences.
Fetching taxonomy information for 13 matches, please wait..
Success
Progress: 70.0%
Processing primer pair 8 (8 of 10)
Found 13 matching sequences.
Fetching taxonomy information for 13 matches, please wait..
Success
Progress: 80.0%
Processing primer pair 9 (9 of 10)
Using cached results for left primer: GCGGAGTTGTAACGATAATAGGC
Found 13 matching sequences.
Fetching taxonomy information for 13 matches, please wait..
Success
Progress: 90.0%
Processing primer pair 10 (10 of 10)
Using cached results for left primer: GCGGAGTTGTAACGATAATAGGC
Found 13 matching sequences.
Fetching taxonomy information for 13 matches, please wait..
Success
Progress: 100.0%
Created HTML report at 4_/specificity_report_CONSENSUS_0_primers.html
Opening report in default browser: /Users/adamkuzdralinski/Desktop/PJATK/SoftwareX/PrimeSpecPCR-main/4_/specificity_report_CONSENSUS_0_primers.html

Specificity analysis complete! Report saved to 4_/specificity_report_CONSENSUS_0_primers.html
You can open an HTML file in the  web browser.

Processing file 2 of 3: CONSENSUS_1_primers.csv
Read 10 primer pairs from 3_/CONSENSUS_1_primers.csv
Processing primer pair 1 (1 of 10)
Found 12 matching sequences.
Fetching taxonomy information for 12 matches, please wait..
Success
Progress: 10.0%
Processing primer pair 2 (2 of 10)
Using cached results for left primer: GCTTTTAGAGTACGGGCCTC
Found 12 matching sequences.
Fetching taxonomy information for 12 matches, please wait..
Success
Progress: 20.0%
Processing primer pair 3 (3 of 10)
Found 12 matching sequences.
Fetching taxonomy information for 12 matches, please wait..
Success
Progress: 30.0%
Processing primer pair 4 (4 of 10)
Using cached results for left primer: AAGGCTTTTAGAGTACGGGC
Found 12 matching sequences.
Fetching taxonomy information for 12 matches, please wait..
Success
Progress: 40.0%
Processing primer pair 5 (5 of 10)
Found 12 matching sequences.
Fetching taxonomy information for 12 matches, please wait..
Success
Progress: 50.0%
Processing primer pair 6 (6 of 10)
Found 12 matching sequences.
Fetching taxonomy information for 12 matches, please wait..
Success
Progress: 60.0%
Processing primer pair 7 (7 of 10)
Using cached results for left primer: GCTTTTAGAGTACGGGCCTC
Found 12 matching sequences.
Fetching taxonomy information for 12 matches, please wait..
Success
Progress: 70.0%
Processing primer pair 8 (8 of 10)
Found 12 matching sequences.
Fetching taxonomy information for 12 matches, please wait..
Success
Progress: 80.0%
Processing primer pair 9 (9 of 10)
Using cached results for left primer: AAAGGCTTTTAGAGTACGGGC
Found 12 matching sequences.
Fetching taxonomy information for 12 matches, please wait..
Success
Progress: 90.0%
Processing primer pair 10 (10 of 10)
Using cached results for left primer: GCTTTTAGAGTACGGGCCTCA
Found 12 matching sequences.
Fetching taxonomy information for 12 matches, please wait..
Success
Progress: 100.0%
Created HTML report at 4_/specificity_report_CONSENSUS_1_primers.html
Opening report in default browser: /Users/adamkuzdralinski/Desktop/PJATK/SoftwareX/PrimeSpecPCR-main/4_/specificity_report_CONSENSUS_1_primers.html

Specificity analysis complete! Report saved to 4_/specificity_report_CONSENSUS_1_primers.html
You can open an HTML file in the  web browser.

Processing file 3 of 3: CONSENSUS_2_primers.csv
Read 10 primer pairs from 3_/CONSENSUS_2_primers.csv
Processing primer pair 1 (1 of 10)
Found 34 matching sequences.
Fetching taxonomy information for 34 matches, please wait..
Success
Progress: 10.0%
Processing primer pair 2 (2 of 10)
Using cached results for left primer: TATCCCCGCGGCAGAATTAT
Found 34 matching sequences.
Fetching taxonomy information for 34 matches, please wait..
Success
Progress: 20.0%
Processing primer pair 3 (3 of 10)
Found 34 matching sequences.
Fetching taxonomy information for 34 matches, please wait..
Success
Progress: 30.0%
Processing primer pair 4 (4 of 10)
Using cached results for left primer: TATCCCCGCGGCAGAATTAT
Found 34 matching sequences.
Fetching taxonomy information for 34 matches, please wait..
Success
Progress: 40.0%
Processing primer pair 5 (5 of 10)
Using cached results for left primer: TATCCCCGCGGCAGAATTAT
Found 34 matching sequences.
Fetching taxonomy information for 34 matches, please wait..
Success
Progress: 50.0%
Processing primer pair 6 (6 of 10)
Using cached results for left primer: TATCCCCGCGGCAGAATTAT
Found 34 matching sequences.
Fetching taxonomy information for 34 matches, please wait..
Success
Progress: 60.0%
Processing primer pair 7 (7 of 10)
Found 26 matching sequences.
Fetching taxonomy information for 26 matches, please wait..
Success
Progress: 70.0%
Processing primer pair 8 (8 of 10)
Found 30 matching sequences.
Fetching taxonomy information for 30 matches, please wait..
Success
Progress: 80.0%
Processing primer pair 9 (9 of 10)
Using cached results for left primer: ATCCCCGCGGCAGAATTAT
Found 30 matching sequences.
Fetching taxonomy information for 30 matches, please wait..
Success
Progress: 90.0%
Processing primer pair 10 (10 of 10)
Found 34 matching sequences.
Fetching taxonomy information for 34 matches, please wait..
Success
Progress: 100.0%
Created HTML report at 4_/specificity_report_CONSENSUS_2_primers.html
Opening report in default browser: /Users/adamkuzdralinski/Desktop/PJATK/SoftwareX/PrimeSpecPCR-main/4_/specificity_report_CONSENSUS_2_primers.html

Specificity analysis complete! Report saved to 4_/specificity_report_CONSENSUS_2_primers.html
You can open an HTML file in the  web browser.
