PrimeSpecPCR - Primer Specificity Test Module
============================================
Using email: adamkuzdralinski@gmail.com
Using API key: a5d69...1bb08

Specificity Evaluation Against Target Taxonomy
============================================
Waiting for input: Enter NCBI Taxonomy ID(s) to evaluate primer specificity against (comma-separated): 
Using target taxonomy IDs: 34373
Loaded settings from primer_specificity_settings.txt

Current Primer Specificity Test Settings:
=======================================
Maximum BLAST hits: 2000
Minimum identity (%): 60.0
Maximum E-value: 5000.0
Word size: 5
Fetch limit: 1000

Primer Specificity Stringency:
Maximum total mismatches for specificity: 3
Maximum 3' end mismatches: 2
3' end region size (bp): 5
Maximum probe mismatches: 3

Directories:
Cache directory: 4_cache
Output directory: 4_
=======================================
Waiting for input: Do you want to modify specificity test settings? (yes/no): 
Waiting for input: Do you want to clear the cache and force new BLAST searches? (yes/no): 
Clearing cache directory: 4_cache
Cache cleared successfully
Found 4 primer files

Available primer files:
1: CONSENSUS_0_primers.csv
2: CONSENSUS_1_primers.csv
3: CONSENSUS_2_primers.csv
4: CONSENSUS_3_primers.csv
Waiting for input: Enter file numbers to analyze (comma-separated, or 'all'): 

Processing file 1 of 4: CONSENSUS_0_primers.csv
Read 6 primer pairs from 3_/CONSENSUS_0_primers.csv
Processing primer pair 1 (1 of 6)
Found 59 matching sequences.
Fetching taxonomy information for 59 matches, please wait..
Success
Progress: 16.7%
Processing primer pair 2 (2 of 6)
Using cached results for left primer: TGAGCCATACAACGCAACTC
Found 228 matching sequences.
Fetching taxonomy information for 228 matches, please wait..
Success
Progress: 33.3%
Processing primer pair 3 (3 of 6)
Found 59 matching sequences.
Fetching taxonomy information for 59 matches, please wait..
Success
Progress: 50.0%
Processing primer pair 4 (4 of 6)
Using cached results for left primer: GAGCCATACAACGCAACTCT
Found 202 matching sequences.
Fetching taxonomy information for 202 matches, please wait..
Success
Progress: 66.7%
Processing primer pair 5 (5 of 6)
Using cached results for left primer: TGAGCCATACAACGCAACTC
Found 56 matching sequences.
Fetching taxonomy information for 56 matches, please wait..
Success
Progress: 83.3%
Processing primer pair 6 (6 of 6)
Using cached results for left primer: TGAGCCATACAACGCAACTC
Found 56 matching sequences.
Fetching taxonomy information for 56 matches, please wait..
Success
Progress: 100.0%
Created HTML report at 4_/specificity_report_CONSENSUS_0_primers.html
Opening report in default browser: /Users/adamkuzdralinski/Desktop/PJATK/SoftwareX/PrimeSpecPCR-main/4_/specificity_report_CONSENSUS_0_primers.html

Specificity analysis complete! Report saved to 4_/specificity_report_CONSENSUS_0_primers.html
You can open an HTML file in the  web browser.

Processing file 2 of 4: CONSENSUS_1_primers.csv
Read 6 primer pairs from 3_/CONSENSUS_1_primers.csv
Processing primer pair 1 (1 of 6)
Found 69 matching sequences.
Fetching taxonomy information for 69 matches, please wait..
Success
Progress: 16.7%
Processing primer pair 2 (2 of 6)
Using cached results for left primer: ATCCAAATGAGCCACCGATC
Found 69 matching sequences.
Fetching taxonomy information for 69 matches, please wait..
Success
Progress: 33.3%
Processing primer pair 3 (3 of 6)
Found 69 matching sequences.
Fetching taxonomy information for 69 matches, please wait..
Success
Progress: 50.0%
Processing primer pair 4 (4 of 6)
Using cached results for left primer: CCAAATGAGCCACCGATCG
Found 69 matching sequences.
Fetching taxonomy information for 69 matches, please wait..
Success
Progress: 66.7%
Processing primer pair 5 (5 of 6)
Found 69 matching sequences.
Fetching taxonomy information for 69 matches, please wait..
Success
Progress: 83.3%
Processing primer pair 6 (6 of 6)
Using cached results for left primer: AATCCAAATGAGCCACCGATC
Found 69 matching sequences.
Fetching taxonomy information for 69 matches, please wait..
Success
Progress: 100.0%
Created HTML report at 4_/specificity_report_CONSENSUS_1_primers.html
Opening report in default browser: /Users/adamkuzdralinski/Desktop/PJATK/SoftwareX/PrimeSpecPCR-main/4_/specificity_report_CONSENSUS_1_primers.html

Specificity analysis complete! Report saved to 4_/specificity_report_CONSENSUS_1_primers.html
You can open an HTML file in the  web browser.

Processing file 3 of 4: CONSENSUS_2_primers.csv
Read 6 primer pairs from 3_/CONSENSUS_2_primers.csv
Processing primer pair 1 (1 of 6)
Found 0 matching sequences.
Progress: 16.7%
Processing primer pair 2 (2 of 6)
Using cached results for left primer: TGGCCGTGTCCATCTTGTTA
Found 0 matching sequences.
Progress: 33.3%
Processing primer pair 3 (3 of 6)
Using cached results for left primer: TGGCCGTGTCCATCTTGTTA
Found 0 matching sequences.
Progress: 50.0%
Processing primer pair 4 (4 of 6)
Using cached results for left primer: TGGCCGTGTCCATCTTGTTA
Found 0 matching sequences.
Progress: 66.7%
Processing primer pair 5 (5 of 6)
Using cached results for left primer: TGGCCGTGTCCATCTTGTTA
Found 0 matching sequences.
Progress: 83.3%
Processing primer pair 6 (6 of 6)
Using cached results for left primer: TGGCCGTGTCCATCTTGTTA
Found 0 matching sequences.
Progress: 100.0%
Created HTML report at 4_/specificity_report_CONSENSUS_2_primers.html
Opening report in default browser: /Users/adamkuzdralinski/Desktop/PJATK/SoftwareX/PrimeSpecPCR-main/4_/specificity_report_CONSENSUS_2_primers.html

Specificity analysis complete! Report saved to 4_/specificity_report_CONSENSUS_2_primers.html
You can open an HTML file in the  web browser.

Processing file 4 of 4: CONSENSUS_3_primers.csv
Read 6 primer pairs from 3_/CONSENSUS_3_primers.csv
Processing primer pair 1 (1 of 6)
Found 0 matching sequences.
Progress: 16.7%
Processing primer pair 2 (2 of 6)
Using cached results for left primer: TGGCCGTGTCCATCTTGTTA
Found 0 matching sequences.
Progress: 33.3%
Processing primer pair 3 (3 of 6)
Using cached results for left primer: TGGCCGTGTCCATCTTGTTA
Found 0 matching sequences.
Progress: 50.0%
Processing primer pair 4 (4 of 6)
Using cached results for left primer: TGGCCGTGTCCATCTTGTTA
Found 0 matching sequences.
Progress: 66.7%
Processing primer pair 5 (5 of 6)
Using cached results for left primer: TGGCCGTGTCCATCTTGTTA
Found 0 matching sequences.
Progress: 83.3%
Processing primer pair 6 (6 of 6)
Using cached results for left primer: TGGCCGTGTCCATCTTGTTA
Found 0 matching sequences.
Progress: 100.0%
Created HTML report at 4_/specificity_report_CONSENSUS_3_primers.html
Opening report in default browser: /Users/adamkuzdralinski/Desktop/PJATK/SoftwareX/PrimeSpecPCR-main/4_/specificity_report_CONSENSUS_3_primers.html

Specificity analysis complete! Report saved to 4_/specificity_report_CONSENSUS_3_primers.html
You can open an HTML file in the  web browser.
