PrimeSpecPCR - Primer Specificity Test Module
============================================
Using email: adamkuzdralinski@gmail.com
Using API key: a5d69...1bb08

Specificity Evaluation Against Target Taxonomy
============================================
Waiting for input: Enter NCBI Taxonomy ID(s) to evaluate primer specificity against (comma-separated): 
Using target taxonomy IDs: 69224
Loaded settings from primer_specificity_settings.txt

Current Primer Specificity Test Settings:
=======================================
Maximum BLAST hits: 2000
Minimum identity (%): 60.0
Maximum E-value: 5000.0
Word size: 5
Fetch limit: 1000

Primer Specificity Stringency:
Maximum total mismatches for specificity: 3
Maximum 3' end mismatches: 2
3' end region size (bp): 5
Maximum probe mismatches: 3

Directories:
Cache directory: 4_cache
Output directory: 4_
=======================================
Waiting for input: Do you want to modify specificity test settings? (yes/no): 
Waiting for input: Do you want to clear the cache and force new BLAST searches? (yes/no): 
Clearing cache directory: 4_cache
Cache cleared successfully
Found 5 primer files

Available primer files:
1: CONSENSUS_0_primers.csv
2: CONSENSUS_1_primers.csv
3: CONSENSUS_2_primers.csv
4: CONSENSUS_3_primers.csv
5: CONSENSUS_4_primers.csv
Waiting for input: Enter file numbers to analyze (comma-separated, or 'all'): 

Processing file 1 of 5: CONSENSUS_0_primers.csv
Read 10 primer pairs from 3_/CONSENSUS_0_primers.csv
Processing primer pair 1 (1 of 10)
Found 0 matching sequences.
Progress: 10.0%
Processing primer pair 2 (2 of 10)
Found 0 matching sequences.
Progress: 20.0%
Processing primer pair 3 (3 of 10)
Using cached results for left primer: CGTCAGCTCGTGTTGTGAAA
Found 0 matching sequences.
Progress: 30.0%
Processing primer pair 4 (4 of 10)
Found 220 matching sequences.
Fetching taxonomy information for 220 matches, please wait..
Success
Progress: 40.0%
Processing primer pair 5 (5 of 10)
Using cached results for left primer: GCGCAACCCTTATCCTTTGT
Found 219 matching sequences.
Fetching taxonomy information for 219 matches, please wait..
Success
Progress: 50.0%
Processing primer pair 6 (6 of 10)
Using cached results for left primer: CGGTGGAGCATGTGGTTTAA
Found 0 matching sequences.
Progress: 60.0%
Processing primer pair 7 (7 of 10)
Using cached results for left primer: CGTCAGCTCGTGTTGTGAAA
Found 0 matching sequences.
Progress: 70.0%
Processing primer pair 8 (8 of 10)
Using cached results for left primer: CGTCAGCTCGTGTTGTGAAA
Found 0 matching sequences.
Progress: 80.0%
Processing primer pair 9 (9 of 10)
Using cached results for left primer: CGTCAGCTCGTGTTGTGAAA
Found 0 matching sequences.
Progress: 90.0%
Processing primer pair 10 (10 of 10)
Found 0 matching sequences.
Progress: 100.0%
Created HTML report at 4_/specificity_report_CONSENSUS_0_primers.html
Opening report in default browser: /Users/adamkuzdralinski/Desktop/PJATK/SoftwareX/PrimeSpecPCR-main/4_/specificity_report_CONSENSUS_0_primers.html

Specificity analysis complete! Report saved to 4_/specificity_report_CONSENSUS_0_primers.html
You can open an HTML file in the  web browser.

Processing file 2 of 5: CONSENSUS_1_primers.csv
Read 10 primer pairs from 3_/CONSENSUS_1_primers.csv
Processing primer pair 1 (1 of 10)
Found 17 matching sequences.
Fetching taxonomy information for 17 matches, please wait..
Success
Progress: 10.0%
Processing primer pair 2 (2 of 10)
Using cached results for left primer: TGTTGACGTGGTTGCTGAAG
Found 17 matching sequences.
Fetching taxonomy information for 17 matches, please wait..
Success
Progress: 20.0%
Processing primer pair 3 (3 of 10)
Using cached results for left primer: TGTTGACGTGGTTGCTGAAG
Found 17 matching sequences.
Fetching taxonomy information for 17 matches, please wait..
Success
Progress: 30.0%
Processing primer pair 4 (4 of 10)
Found 16 matching sequences.
Fetching taxonomy information for 16 matches, please wait..
Success
Progress: 40.0%
Processing primer pair 5 (5 of 10)
Using cached results for left primer: TGTTGACGTGGTTGCTGAAG
Found 17 matching sequences.
Fetching taxonomy information for 17 matches, please wait..
Success
Progress: 50.0%
Processing primer pair 6 (6 of 10)
Found 16 matching sequences.
Fetching taxonomy information for 16 matches, please wait..
Success
Progress: 60.0%
Processing primer pair 7 (7 of 10)
Using cached results for left primer: TGTTGACGTGGTTGCTGAAG
Found 17 matching sequences.
Fetching taxonomy information for 17 matches, please wait..
Success
Progress: 70.0%
Processing primer pair 8 (8 of 10)
Found 17 matching sequences.
Fetching taxonomy information for 17 matches, please wait..
Success
Progress: 80.0%
Processing primer pair 9 (9 of 10)
Found 16 matching sequences.
Fetching taxonomy information for 16 matches, please wait..
Success
Progress: 90.0%
Processing primer pair 10 (10 of 10)
Using cached results for left primer: TAAGCACATTGAAGCCGGTG
Found 22 matching sequences.
Fetching taxonomy information for 22 matches, please wait..
Success
Progress: 100.0%
Created HTML report at 4_/specificity_report_CONSENSUS_1_primers.html
Opening report in default browser: /Users/adamkuzdralinski/Desktop/PJATK/SoftwareX/PrimeSpecPCR-main/4_/specificity_report_CONSENSUS_1_primers.html

Specificity analysis complete! Report saved to 4_/specificity_report_CONSENSUS_1_primers.html
You can open an HTML file in the  web browser.

Processing file 3 of 5: CONSENSUS_2_primers.csv
Read 10 primer pairs from 3_/CONSENSUS_2_primers.csv
Processing primer pair 1 (1 of 10)
Found 1 matching sequences.
Fetching taxonomy information for 1 matches, please wait..
Success
Progress: 10.0%
Processing primer pair 2 (2 of 10)
Found 1 matching sequences.
Fetching taxonomy information for 1 matches, please wait..
Success
Progress: 20.0%
Processing primer pair 3 (3 of 10)
Found 1 matching sequences.
Fetching taxonomy information for 1 matches, please wait..
Success
Progress: 30.0%
Processing primer pair 4 (4 of 10)
Found 4 matching sequences.
Fetching taxonomy information for 4 matches, please wait..
Success
Progress: 40.0%
Processing primer pair 5 (5 of 10)
Using cached results for left primer: CCGGCGTCTCAATCAAACTT
Found 4 matching sequences.
Fetching taxonomy information for 4 matches, please wait..
Success
Progress: 50.0%
Processing primer pair 6 (6 of 10)
Found 1 matching sequences.
Fetching taxonomy information for 1 matches, please wait..
Success
Progress: 60.0%
Processing primer pair 7 (7 of 10)
Using cached results for left primer: TTGCGGTTGTGTCAGTGAAG
Found 1 matching sequences.
Fetching taxonomy information for 1 matches, please wait..
Success
Progress: 70.0%
Processing primer pair 8 (8 of 10)
BLAST search timed out after 30 attempts
No hits found for primer even with permissive settings: TCTGAGGTGAAATCTGCCGT
No sequences found for left primer: TCTGAGGTGAAATCTGCCGT
Processing primer pair 9 (9 of 10)
Using cached results for left primer: CCGGCGTCTCAATCAAACTT
Found 4 matching sequences.
Fetching taxonomy information for 4 matches, please wait..
Success
Progress: 90.0%
Processing primer pair 10 (10 of 10)
Using cached results for left primer: TGATTGCGGTTGTGTCAGTG
Found 1 matching sequences.
Fetching taxonomy information for 1 matches, please wait..
Success
Progress: 100.0%
Created HTML report at 4_/specificity_report_CONSENSUS_2_primers.html
Opening report in default browser: /Users/adamkuzdralinski/Desktop/PJATK/SoftwareX/PrimeSpecPCR-main/4_/specificity_report_CONSENSUS_2_primers.html

Specificity analysis complete! Report saved to 4_/specificity_report_CONSENSUS_2_primers.html
You can open an HTML file in the  web browser.

Processing file 4 of 5: CONSENSUS_3_primers.csv
Read 10 primer pairs from 3_/CONSENSUS_3_primers.csv
Processing primer pair 1 (1 of 10)
Found 1 matching sequences.
Fetching taxonomy information for 1 matches, please wait..
Success
Progress: 10.0%
Processing primer pair 2 (2 of 10)
Found 1 matching sequences.
Fetching taxonomy information for 1 matches, please wait..
Success
Progress: 20.0%
Processing primer pair 3 (3 of 10)
Found 8 matching sequences.
Fetching taxonomy information for 8 matches, please wait..
Success
Progress: 30.0%
Processing primer pair 4 (4 of 10)
Found 1 matching sequences.
Fetching taxonomy information for 1 matches, please wait..
Success
Progress: 40.0%
Processing primer pair 5 (5 of 10)
Found 2 matching sequences.
Fetching taxonomy information for 2 matches, please wait..
Success
Progress: 50.0%
Processing primer pair 6 (6 of 10)
Found 9 matching sequences.
Fetching taxonomy information for 9 matches, please wait..
Success
Progress: 60.0%
Processing primer pair 7 (7 of 10)
Found 141 matching sequences.
Fetching taxonomy information for 141 matches, please wait..
Success
Progress: 70.0%
Processing primer pair 8 (8 of 10)
Using cached results for left primer: GTCCCTGGATATTGCGCTTG
Found 1 matching sequences.
Fetching taxonomy information for 1 matches, please wait..
Success
Progress: 80.0%
Processing primer pair 9 (9 of 10)
Using cached results for left primer: GTCCCTGGATATTGCGCTTG
Found 1 matching sequences.
Fetching taxonomy information for 1 matches, please wait..
Success
Progress: 90.0%
Processing primer pair 10 (10 of 10)
Found 4 matching sequences.
Fetching taxonomy information for 4 matches, please wait..
Success
Progress: 100.0%
Created HTML report at 4_/specificity_report_CONSENSUS_3_primers.html
Opening report in default browser: /Users/adamkuzdralinski/Desktop/PJATK/SoftwareX/PrimeSpecPCR-main/4_/specificity_report_CONSENSUS_3_primers.html

Specificity analysis complete! Report saved to 4_/specificity_report_CONSENSUS_3_primers.html
You can open an HTML file in the  web browser.

Processing file 5 of 5: CONSENSUS_4_primers.csv
Read 20 primer pairs from 3_/CONSENSUS_4_primers.csv
Processing primer pair 1 (1 of 20)
Found 52 matching sequences.
Fetching taxonomy information for 52 matches, please wait..
Success
Progress: 5.0%
Processing primer pair 2 (2 of 20)
Found 52 matching sequences.
Fetching taxonomy information for 52 matches, please wait..
Success
Progress: 10.0%
Processing primer pair 3 (3 of 20)
Using cached results for left primer: ATCAACGCCAAGCCAATCTC
Found 72 matching sequences.
Fetching taxonomy information for 72 matches, please wait..
Success
Progress: 15.0%
Processing primer pair 4 (4 of 20)
Using cached results for left primer: GATCAACGCCAAGCCAATCT
Found 72 matching sequences.
Fetching taxonomy information for 72 matches, please wait..
Success
Progress: 20.0%
Processing primer pair 5 (5 of 20)
BLAST search timed out after 30 attempts
Found 108 matching sequences.
Fetching taxonomy information for 108 matches, please wait..
Success
Progress: 25.0%
Processing primer pair 6 (6 of 20)
Using cached results for left primer: TGATCAACGCCAAGCCAATC
Found 212 matching sequences.
Fetching taxonomy information for 212 matches, please wait..
Success
Progress: 30.0%
Processing primer pair 7 (7 of 20)
Found 118 matching sequences.
Fetching taxonomy information for 118 matches, please wait..
Success
Progress: 35.0%
Processing primer pair 8 (8 of 20)
Found 0 matching sequences.
Progress: 40.0%
Processing primer pair 9 (9 of 20)
Using cached results for left primer: ATCAACGCCAAGCCAATCTC
Found 52 matching sequences.
Fetching taxonomy information for 52 matches, please wait..
Success
Progress: 45.0%
Processing primer pair 10 (10 of 20)
Using cached results for left primer: GATCAACGCCAAGCCAATCT
Found 52 matching sequences.
Fetching taxonomy information for 52 matches, please wait..
Success
Progress: 50.0%
Processing primer pair 11 (11 of 20)
Using cached results for left primer: GTGCAGGCTTTGAAGTTCGA
Found 215 matching sequences.
Fetching taxonomy information for 215 matches, please wait..
Success
Progress: 55.0%
Processing primer pair 12 (12 of 20)
Using cached results for left primer: TGATCAACGCCAAGCCAATC
Found 108 matching sequences.
Fetching taxonomy information for 108 matches, please wait..
Success
Progress: 60.0%
Processing primer pair 13 (13 of 20)
Using cached results for left primer: CGCTGTCTGAGATTACGCAC
Found 0 matching sequences.
Progress: 65.0%
Processing primer pair 14 (14 of 20)
Found 169 matching sequences.
Fetching taxonomy information for 169 matches, please wait..
Success
Progress: 70.0%
Processing primer pair 15 (15 of 20)
Using cached results for left primer: CGCTGTCTGAGATTACGCAC
Found 0 matching sequences.
Progress: 75.0%
Processing primer pair 16 (16 of 20)
Using cached results for left primer: ATCAACGCCAAGCCAATCTC
Found 69 matching sequences.
Fetching taxonomy information for 69 matches, please wait..
Success
Progress: 80.0%
Processing primer pair 17 (17 of 20)
Using cached results for left primer: GATCAACGCCAAGCCAATCT
Found 69 matching sequences.
Fetching taxonomy information for 69 matches, please wait..
Success
Progress: 85.0%
Processing primer pair 18 (18 of 20)
Found 109 matching sequences.
Fetching taxonomy information for 109 matches, please wait..
Success
Progress: 90.0%
Processing primer pair 19 (19 of 20)
Found 40 matching sequences.
Fetching taxonomy information for 40 matches, please wait..
Success
Progress: 95.0%
Processing primer pair 20 (20 of 20)
Using cached results for left primer: GTGCAGGCTTTGAAGTTCGA
Found 111 matching sequences.
Fetching taxonomy information for 111 matches, please wait..
Success
Progress: 100.0%
Created HTML report at 4_/specificity_report_CONSENSUS_4_primers.html
Opening report in default browser: /Users/adamkuzdralinski/Desktop/PJATK/SoftwareX/PrimeSpecPCR-main/4_/specificity_report_CONSENSUS_4_primers.html

Specificity analysis complete! Report saved to 4_/specificity_report_CONSENSUS_4_primers.html
You can open an HTML file in the  web browser.
