Cleaning up previous run files in 3_...
Removed directory: 3_
Using output directory: 3_

Primer design settings are stored in PCR_primer_settings.txt
You can modify the settings by editing this file.
Waiting for input: Do you want to modify primer design settings? (yes/no): 
Found 9 consensus files to process

============================================================
Processing file 1 of 9: 2_/CONSENSUS_0.fasta
Processing file: 2_/CONSENSUS_0.fasta
>Puccinia_recondita_cox2_cox1_consensus_group_0
Waiting for input: Enter amplicon length range (e.g., 100-250): 
Waiting for input: Enter maximum number of primer sets to generate: 

Current Primer Design Settings:
===============================

Primer Size:
  PRIMER_MIN_SIZE = 18
  PRIMER_OPT_SIZE = 20
  PRIMER_MAX_SIZE = 23

Melting Temperature:
  PRIMER_MIN_TM = 57.0
  PRIMER_OPT_TM = 59.0
  PRIMER_MAX_TM = 62.0
  PRIMER_MAX_DIFF_TM = 5.0

GC Content:
  PRIMER_MIN_GC = 30.0
  PRIMER_OPT_GC_PERCENT = 50.0
  PRIMER_MAX_GC = 70.0

Probe Parameters:
  PRIMER_INTERNAL_MIN_SIZE = 18
  PRIMER_INTERNAL_OPT_SIZE = 20
  PRIMER_INTERNAL_MAX_SIZE = 27
  PRIMER_INTERNAL_MIN_TM = 57.0
  PRIMER_INTERNAL_OPT_TM = 60.0
  PRIMER_INTERNAL_MAX_TM = 63.0
  PRIMER_INTERNAL_MIN_GC = 20.0
  PRIMER_INTERNAL_OPT_GC_PERCENT = 50.0
  PRIMER_INTERNAL_MAX_GC = 80.0

Structural Constraints:
  PRIMER_MAX_POLY_X = 4
  PRIMER_MAX_SELF_ANY_TH = 45.0
  PRIMER_MAX_SELF_END_TH = 35.0
  PRIMER_MAX_HAIRPIN_TH = 24.0
  PRIMER_INTERNAL_MAX_POLY_X = 5
  PRIMER_INTERNAL_MAX_SELF_ANY_TH = 47.0
  PRIMER_INTERNAL_MAX_SELF_END_TH = 47.0
  PRIMER_INTERNAL_MAX_HAIRPIN_TH = 47.0

Chemical Parameters:
  PRIMER_SALT_MONOVALENT = 50.0
  PRIMER_SALT_DIVALENT = 1.5
  PRIMER_DNA_CONC = 50.0

For a complete list of all settings, please see PCR_primer_settings.txt
Read sequence of length 1137 bp
Sequence starts with: ATNATNGGNCCNGTACTGGA
Sequence ends with: CAACGTTNCAAAGAACTTCA
Sequence hash: 7a26eff42c792f080a8f56cfa1d683df
Designing up to 5 primer sets for recondita...
Starting primer design on sequence of length 1137 bp
Primer3 args: SEQUENCE_INCLUDED_REGION=[0, 1137], excluded regions count: 0
Trying primer3.design_primers...
Primer design completed in 0.03 seconds, found 5 primer pairs
Results saved to: 3_/CONSENSUS_0_primers.csv
Saved 5 primer sets
Successfully designed 5 primer sets for recondita
Saved 5 primer sets to 3_/CONSENSUS_0_primers.csv

============================================================
Processing file 2 of 9: 2_/CONSENSUS_1.fasta
Processing file: 2_/CONSENSUS_1.fasta
>Puccinia_recondita_consensus_consensus_group_1
Waiting for input: Enter amplicon length range (e.g., 100-250): 
Waiting for input: Enter maximum number of primer sets to generate: 

Current Primer Design Settings:
===============================

Primer Size:
  PRIMER_MIN_SIZE = 18
  PRIMER_OPT_SIZE = 20
  PRIMER_MAX_SIZE = 23

Melting Temperature:
  PRIMER_MIN_TM = 57.0
  PRIMER_OPT_TM = 59.0
  PRIMER_MAX_TM = 62.0
  PRIMER_MAX_DIFF_TM = 5.0

GC Content:
  PRIMER_MIN_GC = 30.0
  PRIMER_OPT_GC_PERCENT = 50.0
  PRIMER_MAX_GC = 70.0

Probe Parameters:
  PRIMER_INTERNAL_MIN_SIZE = 18
  PRIMER_INTERNAL_OPT_SIZE = 20
  PRIMER_INTERNAL_MAX_SIZE = 27
  PRIMER_INTERNAL_MIN_TM = 57.0
  PRIMER_INTERNAL_OPT_TM = 60.0
  PRIMER_INTERNAL_MAX_TM = 63.0
  PRIMER_INTERNAL_MIN_GC = 20.0
  PRIMER_INTERNAL_OPT_GC_PERCENT = 50.0
  PRIMER_INTERNAL_MAX_GC = 80.0

Structural Constraints:
  PRIMER_MAX_POLY_X = 4
  PRIMER_MAX_SELF_ANY_TH = 45.0
  PRIMER_MAX_SELF_END_TH = 35.0
  PRIMER_MAX_HAIRPIN_TH = 24.0
  PRIMER_INTERNAL_MAX_POLY_X = 5
  PRIMER_INTERNAL_MAX_SELF_ANY_TH = 47.0
  PRIMER_INTERNAL_MAX_SELF_END_TH = 47.0
  PRIMER_INTERNAL_MAX_HAIRPIN_TH = 47.0

Chemical Parameters:
  PRIMER_SALT_MONOVALENT = 50.0
  PRIMER_SALT_DIVALENT = 1.5
  PRIMER_DNA_CONC = 50.0

For a complete list of all settings, please see PCR_primer_settings.txt
Read sequence of length 826 bp
Sequence starts with: GTATCGTGCAAAATTCAAAT
Sequence ends with: TTCATTTTCTCACGAAGTCT
Sequence hash: 516323de1dcd9bb2a9f82132aa3eab42
Designing up to 5 primer sets for recondita...
Starting primer design on sequence of length 826 bp
Primer3 args: SEQUENCE_INCLUDED_REGION=[0, 826], excluded regions count: 0
Trying primer3.design_primers...
Primer design completed in 0.01 seconds, found 5 primer pairs
Results saved to: 3_/CONSENSUS_1_primers.csv
Saved 5 primer sets
Successfully designed 5 primer sets for recondita
Saved 5 primer sets to 3_/CONSENSUS_1_primers.csv

============================================================
Processing file 3 of 9: 2_/CONSENSUS_2.fasta
Processing file: 2_/CONSENSUS_2.fasta
>Puccinia_recondita_cox2_cox1_consensus_group_2
Waiting for input: Enter amplicon length range (e.g., 100-250): 
Waiting for input: Enter maximum number of primer sets to generate: 

Current Primer Design Settings:
===============================

Primer Size:
  PRIMER_MIN_SIZE = 18
  PRIMER_OPT_SIZE = 20
  PRIMER_MAX_SIZE = 23

Melting Temperature:
  PRIMER_MIN_TM = 57.0
  PRIMER_OPT_TM = 59.0
  PRIMER_MAX_TM = 62.0
  PRIMER_MAX_DIFF_TM = 5.0

GC Content:
  PRIMER_MIN_GC = 30.0
  PRIMER_OPT_GC_PERCENT = 50.0
  PRIMER_MAX_GC = 70.0

Probe Parameters:
  PRIMER_INTERNAL_MIN_SIZE = 18
  PRIMER_INTERNAL_OPT_SIZE = 20
  PRIMER_INTERNAL_MAX_SIZE = 27
  PRIMER_INTERNAL_MIN_TM = 57.0
  PRIMER_INTERNAL_OPT_TM = 60.0
  PRIMER_INTERNAL_MAX_TM = 63.0
  PRIMER_INTERNAL_MIN_GC = 20.0
  PRIMER_INTERNAL_OPT_GC_PERCENT = 50.0
  PRIMER_INTERNAL_MAX_GC = 80.0

Structural Constraints:
  PRIMER_MAX_POLY_X = 4
  PRIMER_MAX_SELF_ANY_TH = 45.0
  PRIMER_MAX_SELF_END_TH = 35.0
  PRIMER_MAX_HAIRPIN_TH = 24.0
  PRIMER_INTERNAL_MAX_POLY_X = 5
  PRIMER_INTERNAL_MAX_SELF_ANY_TH = 47.0
  PRIMER_INTERNAL_MAX_SELF_END_TH = 47.0
  PRIMER_INTERNAL_MAX_HAIRPIN_TH = 47.0

Chemical Parameters:
  PRIMER_SALT_MONOVALENT = 50.0
  PRIMER_SALT_DIVALENT = 1.5
  PRIMER_DNA_CONC = 50.0

For a complete list of all settings, please see PCR_primer_settings.txt
Read sequence of length 1137 bp
Sequence starts with: ATNATNGGNCCNGTACTGGA
Sequence ends with: CAACGTTNCAAAGAACTTCA
Sequence hash: 7a26eff42c792f080a8f56cfa1d683df
Designing up to 5 primer sets for recondita...
Starting primer design on sequence of length 1137 bp
Primer3 args: SEQUENCE_INCLUDED_REGION=[0, 1137], excluded regions count: 0
Trying primer3.design_primers...
Primer design completed in 0.03 seconds, found 5 primer pairs
Results saved to: 3_/CONSENSUS_2_primers.csv
Saved 5 primer sets
Successfully designed 5 primer sets for recondita
Saved 5 primer sets to 3_/CONSENSUS_2_primers.csv

============================================================
Processing file 4 of 9: 2_/CONSENSUS_3.fasta
Processing file: 2_/CONSENSUS_3.fasta
>Puccinia_recondita_consensus_consensus_group_3
Waiting for input: Enter amplicon length range (e.g., 100-250): 
Waiting for input: Enter maximum number of primer sets to generate: 

Current Primer Design Settings:
===============================

Primer Size:
  PRIMER_MIN_SIZE = 18
  PRIMER_OPT_SIZE = 20
  PRIMER_MAX_SIZE = 23

Melting Temperature:
  PRIMER_MIN_TM = 57.0
  PRIMER_OPT_TM = 59.0
  PRIMER_MAX_TM = 62.0
  PRIMER_MAX_DIFF_TM = 5.0

GC Content:
  PRIMER_MIN_GC = 30.0
  PRIMER_OPT_GC_PERCENT = 50.0
  PRIMER_MAX_GC = 70.0

Probe Parameters:
  PRIMER_INTERNAL_MIN_SIZE = 18
  PRIMER_INTERNAL_OPT_SIZE = 20
  PRIMER_INTERNAL_MAX_SIZE = 27
  PRIMER_INTERNAL_MIN_TM = 57.0
  PRIMER_INTERNAL_OPT_TM = 60.0
  PRIMER_INTERNAL_MAX_TM = 63.0
  PRIMER_INTERNAL_MIN_GC = 20.0
  PRIMER_INTERNAL_OPT_GC_PERCENT = 50.0
  PRIMER_INTERNAL_MAX_GC = 80.0

Structural Constraints:
  PRIMER_MAX_POLY_X = 4
  PRIMER_MAX_SELF_ANY_TH = 45.0
  PRIMER_MAX_SELF_END_TH = 35.0
  PRIMER_MAX_HAIRPIN_TH = 24.0
  PRIMER_INTERNAL_MAX_POLY_X = 5
  PRIMER_INTERNAL_MAX_SELF_ANY_TH = 47.0
  PRIMER_INTERNAL_MAX_SELF_END_TH = 47.0
  PRIMER_INTERNAL_MAX_HAIRPIN_TH = 47.0

Chemical Parameters:
  PRIMER_SALT_MONOVALENT = 50.0
  PRIMER_SALT_DIVALENT = 1.5
  PRIMER_DNA_CONC = 50.0

For a complete list of all settings, please see PCR_primer_settings.txt
Read sequence of length 721 bp
Sequence starts with: AACTAAGCTTCTTATTTTCC
Sequence ends with: CAAAAAAACAAAATTTCGCA
Sequence hash: f035b78b29cc34562cab3f62f3b07eb2
Designing up to 5 primer sets for recondita...
Starting primer design on sequence of length 721 bp
Primer3 args: SEQUENCE_INCLUDED_REGION=[0, 721], excluded regions count: 0
Trying primer3.design_primers...
Primer design completed in 0.01 seconds, found 5 primer pairs
Results saved to: 3_/CONSENSUS_3_primers.csv
Saved 5 primer sets
Successfully designed 5 primer sets for recondita
Saved 5 primer sets to 3_/CONSENSUS_3_primers.csv

============================================================
Processing file 5 of 9: 2_/CONSENSUS_4.fasta
Processing file: 2_/CONSENSUS_4.fasta
>Puccinia_recondita_cox3_consensus_group_4
Waiting for input: Enter amplicon length range (e.g., 100-250): 
Waiting for input: Enter maximum number of primer sets to generate: 

Current Primer Design Settings:
===============================

Primer Size:
  PRIMER_MIN_SIZE = 18
  PRIMER_OPT_SIZE = 20
  PRIMER_MAX_SIZE = 23

Melting Temperature:
  PRIMER_MIN_TM = 57.0
  PRIMER_OPT_TM = 59.0
  PRIMER_MAX_TM = 62.0
  PRIMER_MAX_DIFF_TM = 5.0

GC Content:
  PRIMER_MIN_GC = 30.0
  PRIMER_OPT_GC_PERCENT = 50.0
  PRIMER_MAX_GC = 70.0

Probe Parameters:
  PRIMER_INTERNAL_MIN_SIZE = 18
  PRIMER_INTERNAL_OPT_SIZE = 20
  PRIMER_INTERNAL_MAX_SIZE = 27
  PRIMER_INTERNAL_MIN_TM = 57.0
  PRIMER_INTERNAL_OPT_TM = 60.0
  PRIMER_INTERNAL_MAX_TM = 63.0
  PRIMER_INTERNAL_MIN_GC = 20.0
  PRIMER_INTERNAL_OPT_GC_PERCENT = 50.0
  PRIMER_INTERNAL_MAX_GC = 80.0

Structural Constraints:
  PRIMER_MAX_POLY_X = 4
  PRIMER_MAX_SELF_ANY_TH = 45.0
  PRIMER_MAX_SELF_END_TH = 35.0
  PRIMER_MAX_HAIRPIN_TH = 24.0
  PRIMER_INTERNAL_MAX_POLY_X = 5
  PRIMER_INTERNAL_MAX_SELF_ANY_TH = 47.0
  PRIMER_INTERNAL_MAX_SELF_END_TH = 47.0
  PRIMER_INTERNAL_MAX_HAIRPIN_TH = 47.0

Chemical Parameters:
  PRIMER_SALT_MONOVALENT = 50.0
  PRIMER_SALT_DIVALENT = 1.5
  PRIMER_DNA_CONC = 50.0

For a complete list of all settings, please see PCR_primer_settings.txt
Read sequence of length 1209 bp
Sequence starts with: ACGTAAAGTTGCCAGAGTAC
Sequence ends with: TATACGCAAAAAGGAAGAGA
Sequence hash: 98d6c596f1ae750069f32fe3babc2e79
Designing up to 5 primer sets for recondita...
Starting primer design on sequence of length 1209 bp
Primer3 args: SEQUENCE_INCLUDED_REGION=[0, 1209], excluded regions count: 0
Trying primer3.design_primers...
Primer design completed in 0.01 seconds, found 5 primer pairs
Results saved to: 3_/CONSENSUS_4_primers.csv
Saved 5 primer sets
Successfully designed 5 primer sets for recondita
Saved 5 primer sets to 3_/CONSENSUS_4_primers.csv

============================================================
Processing file 6 of 9: 2_/CONSENSUS_5.fasta
Processing file: 2_/CONSENSUS_5.fasta
>Puccinia_recondita_cox2_cox1_cox3_consensus_group_5
Waiting for input: Enter amplicon length range (e.g., 100-250): 
Waiting for input: Enter maximum number of primer sets to generate: 

Current Primer Design Settings:
===============================

Primer Size:
  PRIMER_MIN_SIZE = 18
  PRIMER_OPT_SIZE = 20
  PRIMER_MAX_SIZE = 23

Melting Temperature:
  PRIMER_MIN_TM = 57.0
  PRIMER_OPT_TM = 59.0
  PRIMER_MAX_TM = 62.0
  PRIMER_MAX_DIFF_TM = 5.0

GC Content:
  PRIMER_MIN_GC = 30.0
  PRIMER_OPT_GC_PERCENT = 50.0
  PRIMER_MAX_GC = 70.0

Probe Parameters:
  PRIMER_INTERNAL_MIN_SIZE = 18
  PRIMER_INTERNAL_OPT_SIZE = 20
  PRIMER_INTERNAL_MAX_SIZE = 27
  PRIMER_INTERNAL_MIN_TM = 57.0
  PRIMER_INTERNAL_OPT_TM = 60.0
  PRIMER_INTERNAL_MAX_TM = 63.0
  PRIMER_INTERNAL_MIN_GC = 20.0
  PRIMER_INTERNAL_OPT_GC_PERCENT = 50.0
  PRIMER_INTERNAL_MAX_GC = 80.0

Structural Constraints:
  PRIMER_MAX_POLY_X = 4
  PRIMER_MAX_SELF_ANY_TH = 45.0
  PRIMER_MAX_SELF_END_TH = 35.0
  PRIMER_MAX_HAIRPIN_TH = 24.0
  PRIMER_INTERNAL_MAX_POLY_X = 5
  PRIMER_INTERNAL_MAX_SELF_ANY_TH = 47.0
  PRIMER_INTERNAL_MAX_SELF_END_TH = 47.0
  PRIMER_INTERNAL_MAX_HAIRPIN_TH = 47.0

Chemical Parameters:
  PRIMER_SALT_MONOVALENT = 50.0
  PRIMER_SALT_DIVALENT = 1.5
  PRIMER_DNA_CONC = 50.0

For a complete list of all settings, please see PCR_primer_settings.txt
Read sequence of length 293 bp
Sequence starts with: GGTGTATTCTGAATCATTCT
Sequence ends with: GCTTTGTAAGGATCTGGCCG
Sequence hash: 3c1822a6f41db5293e2d7992641481da
Designing up to 5 primer sets for recondita...
Starting primer design on sequence of length 293 bp
Primer3 args: SEQUENCE_INCLUDED_REGION=[0, 293], excluded regions count: 0
Trying primer3.design_primers...
Primer design completed in 0.01 seconds, found 5 primer pairs
Results saved to: 3_/CONSENSUS_5_primers.csv
Saved 5 primer sets
Successfully designed 5 primer sets for recondita
Saved 5 primer sets to 3_/CONSENSUS_5_primers.csv

============================================================
Processing file 7 of 9: 2_/CONSENSUS_6.fasta
Processing file: 2_/CONSENSUS_6.fasta
>Puccinia_recondita_consensus_consensus_group_6
Waiting for input: Enter amplicon length range (e.g., 100-250): 
Waiting for input: Enter maximum number of primer sets to generate: 

Current Primer Design Settings:
===============================

Primer Size:
  PRIMER_MIN_SIZE = 18
  PRIMER_OPT_SIZE = 20
  PRIMER_MAX_SIZE = 23

Melting Temperature:
  PRIMER_MIN_TM = 57.0
  PRIMER_OPT_TM = 59.0
  PRIMER_MAX_TM = 62.0
  PRIMER_MAX_DIFF_TM = 5.0

GC Content:
  PRIMER_MIN_GC = 30.0
  PRIMER_OPT_GC_PERCENT = 50.0
  PRIMER_MAX_GC = 70.0

Probe Parameters:
  PRIMER_INTERNAL_MIN_SIZE = 18
  PRIMER_INTERNAL_OPT_SIZE = 20
  PRIMER_INTERNAL_MAX_SIZE = 27
  PRIMER_INTERNAL_MIN_TM = 57.0
  PRIMER_INTERNAL_OPT_TM = 60.0
  PRIMER_INTERNAL_MAX_TM = 63.0
  PRIMER_INTERNAL_MIN_GC = 20.0
  PRIMER_INTERNAL_OPT_GC_PERCENT = 50.0
  PRIMER_INTERNAL_MAX_GC = 80.0

Structural Constraints:
  PRIMER_MAX_POLY_X = 4
  PRIMER_MAX_SELF_ANY_TH = 45.0
  PRIMER_MAX_SELF_END_TH = 35.0
  PRIMER_MAX_HAIRPIN_TH = 24.0
  PRIMER_INTERNAL_MAX_POLY_X = 5
  PRIMER_INTERNAL_MAX_SELF_ANY_TH = 47.0
  PRIMER_INTERNAL_MAX_SELF_END_TH = 47.0
  PRIMER_INTERNAL_MAX_HAIRPIN_TH = 47.0

Chemical Parameters:
  PRIMER_SALT_MONOVALENT = 50.0
  PRIMER_SALT_DIVALENT = 1.5
  PRIMER_DNA_CONC = 50.0

For a complete list of all settings, please see PCR_primer_settings.txt
Read sequence of length 575 bp
Sequence starts with: TAATACGCCGTCTGAAAACC
Sequence ends with: TTATAGAATATTATTGTTAG
Sequence hash: 5be6b8601b0829d202157b36d6d537a6
Designing up to 5 primer sets for recondita...
Starting primer design on sequence of length 575 bp
Primer3 args: SEQUENCE_INCLUDED_REGION=[0, 575], excluded regions count: 0
Trying primer3.design_primers...
Primer design completed in 0.01 seconds, found 5 primer pairs
Results saved to: 3_/CONSENSUS_6_primers.csv
Saved 5 primer sets
Successfully designed 5 primer sets for recondita
Saved 5 primer sets to 3_/CONSENSUS_6_primers.csv

============================================================
Processing file 8 of 9: 2_/CONSENSUS_7.fasta
Processing file: 2_/CONSENSUS_7.fasta
>Puccinia_recondita_consensus_consensus_group_7
Waiting for input: Enter amplicon length range (e.g., 100-250): 
Waiting for input: Enter maximum number of primer sets to generate: 

Current Primer Design Settings:
===============================

Primer Size:
  PRIMER_MIN_SIZE = 18
  PRIMER_OPT_SIZE = 20
  PRIMER_MAX_SIZE = 23

Melting Temperature:
  PRIMER_MIN_TM = 57.0
  PRIMER_OPT_TM = 59.0
  PRIMER_MAX_TM = 62.0
  PRIMER_MAX_DIFF_TM = 5.0

GC Content:
  PRIMER_MIN_GC = 30.0
  PRIMER_OPT_GC_PERCENT = 50.0
  PRIMER_MAX_GC = 70.0

Probe Parameters:
  PRIMER_INTERNAL_MIN_SIZE = 18
  PRIMER_INTERNAL_OPT_SIZE = 20
  PRIMER_INTERNAL_MAX_SIZE = 27
  PRIMER_INTERNAL_MIN_TM = 57.0
  PRIMER_INTERNAL_OPT_TM = 60.0
  PRIMER_INTERNAL_MAX_TM = 63.0
  PRIMER_INTERNAL_MIN_GC = 20.0
  PRIMER_INTERNAL_OPT_GC_PERCENT = 50.0
  PRIMER_INTERNAL_MAX_GC = 80.0

Structural Constraints:
  PRIMER_MAX_POLY_X = 4
  PRIMER_MAX_SELF_ANY_TH = 45.0
  PRIMER_MAX_SELF_END_TH = 35.0
  PRIMER_MAX_HAIRPIN_TH = 24.0
  PRIMER_INTERNAL_MAX_POLY_X = 5
  PRIMER_INTERNAL_MAX_SELF_ANY_TH = 47.0
  PRIMER_INTERNAL_MAX_SELF_END_TH = 47.0
  PRIMER_INTERNAL_MAX_HAIRPIN_TH = 47.0

Chemical Parameters:
  PRIMER_SALT_MONOVALENT = 50.0
  PRIMER_SALT_DIVALENT = 1.5
  PRIMER_DNA_CONC = 50.0

For a complete list of all settings, please see PCR_primer_settings.txt
Read sequence of length 1043 bp
Sequence starts with: ACAAATGCGATGCTCTAACC
Sequence ends with: AGAGCAGAGGACTGAAAATC
Sequence hash: 792121f5579e6df6aed9ae2ccc55126e
Designing up to 5 primer sets for recondita...
Starting primer design on sequence of length 1043 bp
Primer3 args: SEQUENCE_INCLUDED_REGION=[0, 1043], excluded regions count: 0
Trying primer3.design_primers...
Primer design completed in 0.01 seconds, found 5 primer pairs
Results saved to: 3_/CONSENSUS_7_primers.csv
Saved 5 primer sets
Successfully designed 5 primer sets for recondita
Saved 5 primer sets to 3_/CONSENSUS_7_primers.csv

============================================================
Processing file 9 of 9: 2_/CONSENSUS_8.fasta
Processing file: 2_/CONSENSUS_8.fasta
>Puccinia_recondita_consensus_consensus_group_8
Waiting for input: Enter amplicon length range (e.g., 100-250): 
Waiting for input: Enter maximum number of primer sets to generate: 

Current Primer Design Settings:
===============================

Primer Size:
  PRIMER_MIN_SIZE = 18
  PRIMER_OPT_SIZE = 20
  PRIMER_MAX_SIZE = 23

Melting Temperature:
  PRIMER_MIN_TM = 57.0
  PRIMER_OPT_TM = 59.0
  PRIMER_MAX_TM = 62.0
  PRIMER_MAX_DIFF_TM = 5.0

GC Content:
  PRIMER_MIN_GC = 30.0
  PRIMER_OPT_GC_PERCENT = 50.0
  PRIMER_MAX_GC = 70.0

Probe Parameters:
  PRIMER_INTERNAL_MIN_SIZE = 18
  PRIMER_INTERNAL_OPT_SIZE = 20
  PRIMER_INTERNAL_MAX_SIZE = 27
  PRIMER_INTERNAL_MIN_TM = 57.0
  PRIMER_INTERNAL_OPT_TM = 60.0
  PRIMER_INTERNAL_MAX_TM = 63.0
  PRIMER_INTERNAL_MIN_GC = 20.0
  PRIMER_INTERNAL_OPT_GC_PERCENT = 50.0
  PRIMER_INTERNAL_MAX_GC = 80.0

Structural Constraints:
  PRIMER_MAX_POLY_X = 4
  PRIMER_MAX_SELF_ANY_TH = 45.0
  PRIMER_MAX_SELF_END_TH = 35.0
  PRIMER_MAX_HAIRPIN_TH = 24.0
  PRIMER_INTERNAL_MAX_POLY_X = 5
  PRIMER_INTERNAL_MAX_SELF_ANY_TH = 47.0
  PRIMER_INTERNAL_MAX_SELF_END_TH = 47.0
  PRIMER_INTERNAL_MAX_HAIRPIN_TH = 47.0

Chemical Parameters:
  PRIMER_SALT_MONOVALENT = 50.0
  PRIMER_SALT_DIVALENT = 1.5
  PRIMER_DNA_CONC = 50.0

For a complete list of all settings, please see PCR_primer_settings.txt
Read sequence of length 681 bp
Sequence starts with: GTTATGCATGANCGNAATGC
Sequence ends with: GCTCAAGGCAGTGGATTGTG
Sequence hash: dc02bea6a96ff69192e362e93eeead39
Designing up to 5 primer sets for recondita...
Starting primer design on sequence of length 681 bp
Primer3 args: SEQUENCE_INCLUDED_REGION=[0, 681], excluded regions count: 0
Trying primer3.design_primers...
Primer design completed in 0.04 seconds, found 5 primer pairs
Results saved to: 3_/CONSENSUS_8_primers.csv
Saved 5 primer sets
Successfully designed 5 primer sets for recondita
Saved 5 primer sets to 3_/CONSENSUS_8_primers.csv

Primer design successfully completed for 9 out of 9 files.
