PrimeSpecPCR - Primer Specificity Test Module
============================================
Using email: adamkuzdralinski@gmail.com
Using API key: a5d69...1bb08

Specificity Evaluation Against Target Taxonomy
============================================
Waiting for input: Enter NCBI Taxonomy ID(s) to evaluate primer specificity against (comma-separated): 
Using target taxonomy IDs: 3377
Loaded settings from primer_specificity_settings.txt

Current Primer Specificity Test Settings:
=======================================
Maximum BLAST hits: 2000
Minimum identity (%): 60.0
Maximum E-value: 5000.0
Word size: 5
Fetch limit: 1000

Primer Specificity Stringency:
Maximum total mismatches for specificity: 3
Maximum 3' end mismatches: 2
3' end region size (bp): 5
Maximum probe mismatches: 3

Directories:
Cache directory: 4_cache
Output directory: 4_
=======================================
Waiting for input: Do you want to modify specificity test settings? (yes/no): 
Waiting for input: Do you want to clear the cache and force new BLAST searches? (yes/no): 
Clearing cache directory: 4_cache
Cache cleared successfully
Found 9 primer files

Available primer files:
1: CONSENSUS_0_primers.csv
2: CONSENSUS_1_primers.csv
3: CONSENSUS_2_primers.csv
4: CONSENSUS_3_primers.csv
5: CONSENSUS_4_primers.csv
6: CONSENSUS_5_primers.csv
7: CONSENSUS_6_primers.csv
8: CONSENSUS_7_primers.csv
9: CONSENSUS_8_primers.csv
Waiting for input: Enter file numbers to analyze (comma-separated, or 'all'): 

Processing file 1 of 9: CONSENSUS_0_primers.csv
Read 5 primer pairs from 3_/CONSENSUS_0_primers.csv
Processing primer pair 1 (1 of 5)
Found 17 matching sequences.
Fetching taxonomy information for 17 matches, please wait..
Success
Progress: 20.0%
Processing primer pair 2 (2 of 5)
Found 0 matching sequences.
Progress: 40.0%
Processing primer pair 3 (3 of 5)
Found 0 matching sequences.
Progress: 60.0%
Processing primer pair 4 (4 of 5)
Found 0 matching sequences.
Progress: 80.0%
Processing primer pair 5 (5 of 5)
Found 1 matching sequences.
Fetching taxonomy information for 1 matches, please wait..
Success
Progress: 100.0%
Created HTML report at 4_/specificity_report_CONSENSUS_0_primers.html
Opening report in default browser: /Users/adamkuzdralinski/Desktop/PJATK/SoftwareX/PrimeSpecPCR-main/4_/specificity_report_CONSENSUS_0_primers.html

Specificity analysis complete! Report saved to 4_/specificity_report_CONSENSUS_0_primers.html
You can open an HTML file in the  web browser.

Processing file 2 of 9: CONSENSUS_1_primers.csv
Read 5 primer pairs from 3_/CONSENSUS_1_primers.csv
Processing primer pair 1 (1 of 5)
Found 1 matching sequences.
Fetching taxonomy information for 1 matches, please wait..
Success
Progress: 20.0%
Processing primer pair 2 (2 of 5)
Found 1 matching sequences.
Fetching taxonomy information for 1 matches, please wait..
Success
Progress: 40.0%
Processing primer pair 3 (3 of 5)
Using cached results for left primer: ACGTGTAGTTCGGAAAGAGTTC
Found 1 matching sequences.
Fetching taxonomy information for 1 matches, please wait..
Success
Progress: 60.0%
Processing primer pair 4 (4 of 5)
Using cached results for left primer: ACGTGTAGTTCGGAAAGAGTT
Found 1 matching sequences.
Fetching taxonomy information for 1 matches, please wait..
Success
Progress: 80.0%
Processing primer pair 5 (5 of 5)
Found 1 matching sequences.
Fetching taxonomy information for 1 matches, please wait..
Success
Progress: 100.0%
Created HTML report at 4_/specificity_report_CONSENSUS_1_primers.html
Opening report in default browser: /Users/adamkuzdralinski/Desktop/PJATK/SoftwareX/PrimeSpecPCR-main/4_/specificity_report_CONSENSUS_1_primers.html

Specificity analysis complete! Report saved to 4_/specificity_report_CONSENSUS_1_primers.html
You can open an HTML file in the  web browser.

Processing file 3 of 9: CONSENSUS_2_primers.csv
Read 5 primer pairs from 3_/CONSENSUS_2_primers.csv
Processing primer pair 1 (1 of 5)
Found 17 matching sequences.
Fetching taxonomy information for 17 matches, please wait..
Success
Progress: 20.0%
Processing primer pair 2 (2 of 5)
Found 0 matching sequences.
Progress: 40.0%
Processing primer pair 3 (3 of 5)
Found 0 matching sequences.
Progress: 60.0%
Processing primer pair 4 (4 of 5)
Found 0 matching sequences.
Progress: 80.0%
Processing primer pair 5 (5 of 5)
Found 1 matching sequences.
Fetching taxonomy information for 1 matches, please wait..
Success
Progress: 100.0%
Created HTML report at 4_/specificity_report_CONSENSUS_2_primers.html
Opening report in default browser: /Users/adamkuzdralinski/Desktop/PJATK/SoftwareX/PrimeSpecPCR-main/4_/specificity_report_CONSENSUS_2_primers.html

Specificity analysis complete! Report saved to 4_/specificity_report_CONSENSUS_2_primers.html
You can open an HTML file in the  web browser.

Processing file 4 of 9: CONSENSUS_3_primers.csv
Read 5 primer pairs from 3_/CONSENSUS_3_primers.csv
Processing primer pair 1 (1 of 5)
Found 1 matching sequences.
Fetching taxonomy information for 1 matches, please wait..
Success
Progress: 20.0%
Processing primer pair 2 (2 of 5)
Found 1 matching sequences.
Fetching taxonomy information for 1 matches, please wait..
Success
Progress: 40.0%
Processing primer pair 3 (3 of 5)
Found 1 matching sequences.
Fetching taxonomy information for 1 matches, please wait..
Success
Progress: 60.0%
Processing primer pair 4 (4 of 5)
Found 1 matching sequences.
Fetching taxonomy information for 1 matches, please wait..
Success
Progress: 80.0%
Processing primer pair 5 (5 of 5)
Found 1 matching sequences.
Fetching taxonomy information for 1 matches, please wait..
Success
Progress: 100.0%
Created HTML report at 4_/specificity_report_CONSENSUS_3_primers.html
Opening report in default browser: /Users/adamkuzdralinski/Desktop/PJATK/SoftwareX/PrimeSpecPCR-main/4_/specificity_report_CONSENSUS_3_primers.html

Specificity analysis complete! Report saved to 4_/specificity_report_CONSENSUS_3_primers.html
You can open an HTML file in the  web browser.

Processing file 5 of 9: CONSENSUS_4_primers.csv
Read 5 primer pairs from 3_/CONSENSUS_4_primers.csv
Processing primer pair 1 (1 of 5)
Found 0 matching sequences.
Progress: 20.0%
Processing primer pair 2 (2 of 5)
Found 0 matching sequences.
Progress: 40.0%
Processing primer pair 3 (3 of 5)
Using cached results for left primer: CGTCAACAAGGGCGTTCTAG
Found 0 matching sequences.
Progress: 60.0%
Processing primer pair 4 (4 of 5)
Using cached results for left primer: CGTCAACAAGGGCGTTCTAG
Found 0 matching sequences.
Progress: 80.0%
Processing primer pair 5 (5 of 5)
Using cached results for left primer: AATCGTCAACAAGGGCGTTC
Found 0 matching sequences.
Progress: 100.0%
Created HTML report at 4_/specificity_report_CONSENSUS_4_primers.html
Opening report in default browser: /Users/adamkuzdralinski/Desktop/PJATK/SoftwareX/PrimeSpecPCR-main/4_/specificity_report_CONSENSUS_4_primers.html

Specificity analysis complete! Report saved to 4_/specificity_report_CONSENSUS_4_primers.html
You can open an HTML file in the  web browser.

Processing file 6 of 9: CONSENSUS_5_primers.csv
Read 5 primer pairs from 3_/CONSENSUS_5_primers.csv
Processing primer pair 1 (1 of 5)
Found 2 matching sequences.
Fetching taxonomy information for 2 matches, please wait..
Success
Progress: 20.0%
Processing primer pair 2 (2 of 5)
Using cached results for left primer: CGGAGTTAGGGCAGGAGAAA
Found 2 matching sequences.
Fetching taxonomy information for 2 matches, please wait..
Success
Progress: 40.0%
Processing primer pair 3 (3 of 5)
Found 2 matching sequences.
Fetching taxonomy information for 2 matches, please wait..
Success
Progress: 60.0%
Processing primer pair 4 (4 of 5)
Using cached results for left primer: AAAGCGAGCGAATATGACCG
Found 2 matching sequences.
Fetching taxonomy information for 2 matches, please wait..
Success
Progress: 80.0%
Processing primer pair 5 (5 of 5)
Found 2 matching sequences.
Fetching taxonomy information for 2 matches, please wait..
Success
Progress: 100.0%
Created HTML report at 4_/specificity_report_CONSENSUS_5_primers.html
Opening report in default browser: /Users/adamkuzdralinski/Desktop/PJATK/SoftwareX/PrimeSpecPCR-main/4_/specificity_report_CONSENSUS_5_primers.html

Specificity analysis complete! Report saved to 4_/specificity_report_CONSENSUS_5_primers.html
You can open an HTML file in the  web browser.

Processing file 7 of 9: CONSENSUS_6_primers.csv
Read 5 primer pairs from 3_/CONSENSUS_6_primers.csv
Processing primer pair 1 (1 of 5)
Found 1 matching sequences.
Fetching taxonomy information for 1 matches, please wait..
Success
Progress: 20.0%
Processing primer pair 2 (2 of 5)
Found 1 matching sequences.
Fetching taxonomy information for 1 matches, please wait..
Success
Progress: 40.0%
Processing primer pair 3 (3 of 5)
Found 1 matching sequences.
Fetching taxonomy information for 1 matches, please wait..
Success
Progress: 60.0%
Processing primer pair 4 (4 of 5)
Found 1 matching sequences.
Fetching taxonomy information for 1 matches, please wait..
Success
Progress: 80.0%
Processing primer pair 5 (5 of 5)
Found 1 matching sequences.
Fetching taxonomy information for 1 matches, please wait..
Success
Progress: 100.0%
Created HTML report at 4_/specificity_report_CONSENSUS_6_primers.html
Opening report in default browser: /Users/adamkuzdralinski/Desktop/PJATK/SoftwareX/PrimeSpecPCR-main/4_/specificity_report_CONSENSUS_6_primers.html

Specificity analysis complete! Report saved to 4_/specificity_report_CONSENSUS_6_primers.html
You can open an HTML file in the  web browser.

Processing file 8 of 9: CONSENSUS_7_primers.csv
Read 5 primer pairs from 3_/CONSENSUS_7_primers.csv
Processing primer pair 1 (1 of 5)
Found 1 matching sequences.
Fetching taxonomy information for 1 matches, please wait..
Success
Progress: 20.0%
Processing primer pair 2 (2 of 5)
Using cached results for left primer: GCAATCCTGAGCCAAATCCA
Found 1 matching sequences.
Fetching taxonomy information for 1 matches, please wait..
Success
Progress: 40.0%
Processing primer pair 3 (3 of 5)
Using cached results for left primer: GCAATCCTGAGCCAAATCCA
Found 1 matching sequences.
Fetching taxonomy information for 1 matches, please wait..
Success
Progress: 60.0%
Processing primer pair 4 (4 of 5)
Using cached results for left primer: GCAATCCTGAGCCAAATCCA
Found 1 matching sequences.
Fetching taxonomy information for 1 matches, please wait..
Success
Progress: 80.0%
Processing primer pair 5 (5 of 5)
Using cached results for left primer: GCAATCCTGAGCCAAATCCA
Found 1 matching sequences.
Fetching taxonomy information for 1 matches, please wait..
Success
Progress: 100.0%
Created HTML report at 4_/specificity_report_CONSENSUS_7_primers.html
Opening report in default browser: /Users/adamkuzdralinski/Desktop/PJATK/SoftwareX/PrimeSpecPCR-main/4_/specificity_report_CONSENSUS_7_primers.html

Specificity analysis complete! Report saved to 4_/specificity_report_CONSENSUS_7_primers.html
You can open an HTML file in the  web browser.

Processing file 9 of 9: CONSENSUS_8_primers.csv
Read 5 primer pairs from 3_/CONSENSUS_8_primers.csv
Processing primer pair 1 (1 of 5)
Found 6 matching sequences.
Fetching taxonomy information for 6 matches, please wait..
Success
Progress: 20.0%
Processing primer pair 2 (2 of 5)
Using cached results for left primer: ACCGATCTTGCAACACTTGG
Found 2 matching sequences.
Fetching taxonomy information for 2 matches, please wait..
Success
Progress: 40.0%
Processing primer pair 3 (3 of 5)
Using cached results for left primer: ACCGATCTTGCAACACTTGG
Found 2 matching sequences.
Fetching taxonomy information for 2 matches, please wait..
Success
Progress: 60.0%
Processing primer pair 4 (4 of 5)
Using cached results for left primer: ACCGATCTTGCAACACTTGG
Found 2 matching sequences.
Fetching taxonomy information for 2 matches, please wait..
Success
Progress: 80.0%
Processing primer pair 5 (5 of 5)
Using cached results for left primer: ACCGATCTTGCAACACTTGG
Found 2 matching sequences.
Fetching taxonomy information for 2 matches, please wait..
Success
Progress: 100.0%
Created HTML report at 4_/specificity_report_CONSENSUS_8_primers.html
Opening report in default browser: /Users/adamkuzdralinski/Desktop/PJATK/SoftwareX/PrimeSpecPCR-main/4_/specificity_report_CONSENSUS_8_primers.html

Specificity analysis complete! Report saved to 4_/specificity_report_CONSENSUS_8_primers.html
You can open an HTML file in the  web browser.
