Cleaning up previous run files in 3_...
Removed directory: 3_
Using output directory: 3_

Primer design settings are stored in PCR_primer_settings.txt
You can modify the settings by editing this file.
Waiting for input: Do you want to modify primer design settings? (yes/no): 
Found 4 consensus files to process

============================================================
Processing file 1 of 4: 2_/CONSENSUS_1.fasta
Processing file: 2_/CONSENSUS_1.fasta
>Puccinia_recondita_beta-tubulin _beta tubulin _internal transcribed spacer 1_consensus_group_1
Waiting for input: Enter amplicon length range (e.g., 100-250): 
Waiting for input: Enter maximum number of primer sets to generate: 

Current Primer Design Settings:
===============================

Primer Size:
  PRIMER_MIN_SIZE = 18
  PRIMER_OPT_SIZE = 20
  PRIMER_MAX_SIZE = 23

Melting Temperature:
  PRIMER_MIN_TM = 57.0
  PRIMER_OPT_TM = 59.0
  PRIMER_MAX_TM = 62.0
  PRIMER_MAX_DIFF_TM = 5.0

GC Content:
  PRIMER_MIN_GC = 30.0
  PRIMER_OPT_GC_PERCENT = 50.0
  PRIMER_MAX_GC = 70.0

Probe Parameters:
  PRIMER_INTERNAL_MIN_SIZE = 18
  PRIMER_INTERNAL_OPT_SIZE = 20
  PRIMER_INTERNAL_MAX_SIZE = 27
  PRIMER_INTERNAL_MIN_TM = 57.0
  PRIMER_INTERNAL_OPT_TM = 60.0
  PRIMER_INTERNAL_MAX_TM = 63.0
  PRIMER_INTERNAL_MIN_GC = 20.0
  PRIMER_INTERNAL_OPT_GC_PERCENT = 50.0
  PRIMER_INTERNAL_MAX_GC = 80.0

Structural Constraints:
  PRIMER_MAX_POLY_X = 4
  PRIMER_MAX_SELF_ANY_TH = 45.0
  PRIMER_MAX_SELF_END_TH = 35.0
  PRIMER_MAX_HAIRPIN_TH = 24.0
  PRIMER_INTERNAL_MAX_POLY_X = 5
  PRIMER_INTERNAL_MAX_SELF_ANY_TH = 47.0
  PRIMER_INTERNAL_MAX_SELF_END_TH = 47.0
  PRIMER_INTERNAL_MAX_HAIRPIN_TH = 47.0

Chemical Parameters:
  PRIMER_SALT_MONOVALENT = 50.0
  PRIMER_SALT_DIVALENT = 1.5
  PRIMER_DNA_CONC = 50.0

For a complete list of all settings, please see PCR_primer_settings.txt
Read sequence of length 556 bp
Sequence starts with: TTGGTACGTATTCANCTGCC
Sequence ends with: TGTGCTGGTNAACAACTGGG
Sequence hash: 8acc3bcea2b3c5dcd1737aa87322d353
Designing up to 10 primer sets for beta-tubulin ...
Starting primer design on sequence of length 556 bp
Primer3 args: SEQUENCE_INCLUDED_REGION=[0, 556], excluded regions count: 0
Trying primer3.design_primers...
Primer design completed in 0.01 seconds, found 10 primer pairs
Results saved to: 3_/CONSENSUS_1_primers.csv
Saved 10 primer sets
Successfully designed 10 primer sets for beta-tubulin 
Saved 10 primer sets to 3_/CONSENSUS_1_primers.csv

============================================================
Processing file 2 of 4: 2_/CONSENSUS_2.fasta
Processing file: 2_/CONSENSUS_2.fasta
>Puccinia_recondita_consensus_consensus_group_2
Waiting for input: Enter amplicon length range (e.g., 100-250): 
Waiting for input: Enter maximum number of primer sets to generate: 

Current Primer Design Settings:
===============================

Primer Size:
  PRIMER_MIN_SIZE = 18
  PRIMER_OPT_SIZE = 20
  PRIMER_MAX_SIZE = 23

Melting Temperature:
  PRIMER_MIN_TM = 57.0
  PRIMER_OPT_TM = 59.0
  PRIMER_MAX_TM = 62.0
  PRIMER_MAX_DIFF_TM = 5.0

GC Content:
  PRIMER_MIN_GC = 30.0
  PRIMER_OPT_GC_PERCENT = 50.0
  PRIMER_MAX_GC = 70.0

Probe Parameters:
  PRIMER_INTERNAL_MIN_SIZE = 18
  PRIMER_INTERNAL_OPT_SIZE = 20
  PRIMER_INTERNAL_MAX_SIZE = 27
  PRIMER_INTERNAL_MIN_TM = 57.0
  PRIMER_INTERNAL_OPT_TM = 60.0
  PRIMER_INTERNAL_MAX_TM = 63.0
  PRIMER_INTERNAL_MIN_GC = 20.0
  PRIMER_INTERNAL_OPT_GC_PERCENT = 50.0
  PRIMER_INTERNAL_MAX_GC = 80.0

Structural Constraints:
  PRIMER_MAX_POLY_X = 4
  PRIMER_MAX_SELF_ANY_TH = 45.0
  PRIMER_MAX_SELF_END_TH = 35.0
  PRIMER_MAX_HAIRPIN_TH = 24.0
  PRIMER_INTERNAL_MAX_POLY_X = 5
  PRIMER_INTERNAL_MAX_SELF_ANY_TH = 47.0
  PRIMER_INTERNAL_MAX_SELF_END_TH = 47.0
  PRIMER_INTERNAL_MAX_HAIRPIN_TH = 47.0

Chemical Parameters:
  PRIMER_SALT_MONOVALENT = 50.0
  PRIMER_SALT_DIVALENT = 1.5
  PRIMER_DNA_CONC = 50.0

For a complete list of all settings, please see PCR_primer_settings.txt
Read sequence of length 983 bp
Sequence starts with: TGCAAAGATGCGTGGAGACG
Sequence ends with: TNCACCCCAGTATGATTCTG
Sequence hash: 68fcee24c1d88e321436d157f15cc704
Designing up to 10 primer sets for recondita...
Starting primer design on sequence of length 983 bp
Primer3 args: SEQUENCE_INCLUDED_REGION=[0, 983], excluded regions count: 0
Trying primer3.design_primers...
Primer design completed in 0.02 seconds, found 10 primer pairs
Results saved to: 3_/CONSENSUS_2_primers.csv
Saved 10 primer sets
Successfully designed 10 primer sets for recondita
Saved 10 primer sets to 3_/CONSENSUS_2_primers.csv

============================================================
Processing file 3 of 4: 2_/CONSENSUS_3.fasta
Processing file: 2_/CONSENSUS_3.fasta
>Puccinia_recondita_consensus_consensus_group_3
Waiting for input: Enter amplicon length range (e.g., 100-250): 
Waiting for input: Enter maximum number of primer sets to generate: 

Current Primer Design Settings:
===============================

Primer Size:
  PRIMER_MIN_SIZE = 18
  PRIMER_OPT_SIZE = 20
  PRIMER_MAX_SIZE = 23

Melting Temperature:
  PRIMER_MIN_TM = 57.0
  PRIMER_OPT_TM = 59.0
  PRIMER_MAX_TM = 62.0
  PRIMER_MAX_DIFF_TM = 5.0

GC Content:
  PRIMER_MIN_GC = 30.0
  PRIMER_OPT_GC_PERCENT = 50.0
  PRIMER_MAX_GC = 70.0

Probe Parameters:
  PRIMER_INTERNAL_MIN_SIZE = 18
  PRIMER_INTERNAL_OPT_SIZE = 20
  PRIMER_INTERNAL_MAX_SIZE = 27
  PRIMER_INTERNAL_MIN_TM = 57.0
  PRIMER_INTERNAL_OPT_TM = 60.0
  PRIMER_INTERNAL_MAX_TM = 63.0
  PRIMER_INTERNAL_MIN_GC = 20.0
  PRIMER_INTERNAL_OPT_GC_PERCENT = 50.0
  PRIMER_INTERNAL_MAX_GC = 80.0

Structural Constraints:
  PRIMER_MAX_POLY_X = 4
  PRIMER_MAX_SELF_ANY_TH = 45.0
  PRIMER_MAX_SELF_END_TH = 35.0
  PRIMER_MAX_HAIRPIN_TH = 24.0
  PRIMER_INTERNAL_MAX_POLY_X = 5
  PRIMER_INTERNAL_MAX_SELF_ANY_TH = 47.0
  PRIMER_INTERNAL_MAX_SELF_END_TH = 47.0
  PRIMER_INTERNAL_MAX_HAIRPIN_TH = 47.0

Chemical Parameters:
  PRIMER_SALT_MONOVALENT = 50.0
  PRIMER_SALT_DIVALENT = 1.5
  PRIMER_DNA_CONC = 50.0

For a complete list of all settings, please see PCR_primer_settings.txt
Read sequence of length 838 bp
Sequence starts with: ACGCTCTTGCTACGGNTAAC
Sequence ends with: CGANCCCAACAAGCGTGTGC
Sequence hash: 442f2da0fc4f05fe58532fb3bf01fcbb
Designing up to 10 primer sets for recondita...
Starting primer design on sequence of length 838 bp
Primer3 args: SEQUENCE_INCLUDED_REGION=[0, 838], excluded regions count: 0
Trying primer3.design_primers...
Primer design completed in 0.02 seconds, found 10 primer pairs
Results saved to: 3_/CONSENSUS_3_primers.csv
Saved 10 primer sets
Successfully designed 10 primer sets for recondita
Saved 10 primer sets to 3_/CONSENSUS_3_primers.csv

============================================================
Processing file 4 of 4: 2_/CONSENSUS_4.fasta
Processing file: 2_/CONSENSUS_4.fasta
>Puccinia_recondita_consensus_consensus_group_4
Waiting for input: Enter amplicon length range (e.g., 100-250): 
Waiting for input: Enter maximum number of primer sets to generate: 

Current Primer Design Settings:
===============================

Primer Size:
  PRIMER_MIN_SIZE = 18
  PRIMER_OPT_SIZE = 20
  PRIMER_MAX_SIZE = 23

Melting Temperature:
  PRIMER_MIN_TM = 57.0
  PRIMER_OPT_TM = 59.0
  PRIMER_MAX_TM = 62.0
  PRIMER_MAX_DIFF_TM = 5.0

GC Content:
  PRIMER_MIN_GC = 30.0
  PRIMER_OPT_GC_PERCENT = 50.0
  PRIMER_MAX_GC = 70.0

Probe Parameters:
  PRIMER_INTERNAL_MIN_SIZE = 18
  PRIMER_INTERNAL_OPT_SIZE = 20
  PRIMER_INTERNAL_MAX_SIZE = 27
  PRIMER_INTERNAL_MIN_TM = 57.0
  PRIMER_INTERNAL_OPT_TM = 60.0
  PRIMER_INTERNAL_MAX_TM = 63.0
  PRIMER_INTERNAL_MIN_GC = 20.0
  PRIMER_INTERNAL_OPT_GC_PERCENT = 50.0
  PRIMER_INTERNAL_MAX_GC = 80.0

Structural Constraints:
  PRIMER_MAX_POLY_X = 4
  PRIMER_MAX_SELF_ANY_TH = 45.0
  PRIMER_MAX_SELF_END_TH = 35.0
  PRIMER_MAX_HAIRPIN_TH = 24.0
  PRIMER_INTERNAL_MAX_POLY_X = 5
  PRIMER_INTERNAL_MAX_SELF_ANY_TH = 47.0
  PRIMER_INTERNAL_MAX_SELF_END_TH = 47.0
  PRIMER_INTERNAL_MAX_HAIRPIN_TH = 47.0

Chemical Parameters:
  PRIMER_SALT_MONOVALENT = 50.0
  PRIMER_SALT_DIVALENT = 1.5
  PRIMER_DNA_CONC = 50.0

For a complete list of all settings, please see PCR_primer_settings.txt
Read sequence of length 1551 bp
Sequence starts with: GCGATAGTCTTGAATGTCGC
Sequence ends with: CCAAGGGGTCCTTGAACTAA
Sequence hash: 7795edbf024487ea6bb496eaf1003516
Sequence contains 20.5% ambiguous bases (N), which may limit primer design.
Designing up to 10 primer sets for recondita...
Starting primer design on sequence of length 1551 bp
Primer3 args: SEQUENCE_INCLUDED_REGION=[0, 1551], excluded regions count: 0
Trying primer3.design_primers...
Primer design completed in 0.01 seconds, found 10 primer pairs
Results saved to: 3_/CONSENSUS_4_primers.csv
Saved 10 primer sets
Successfully designed 10 primer sets for recondita
Saved 10 primer sets to 3_/CONSENSUS_4_primers.csv

Primer design successfully completed for 4 out of 4 files.
