PrimeSpecPCR - Primer Specificity Test Module
============================================
Using email: adamkuzdralinski@gmail.com
Using API key: a5d69...1bb08

Specificity Evaluation Against Target Taxonomy
============================================
Waiting for input: Enter NCBI Taxonomy ID(s) to evaluate primer specificity against (comma-separated): 
Using target taxonomy IDs: 5068
Loaded settings from primer_specificity_settings.txt

Current Primer Specificity Test Settings:
=======================================
Maximum BLAST hits: 2000
Minimum identity (%): 60.0
Maximum E-value: 5000.0
Word size: 5
Fetch limit: 1000

Primer Specificity Stringency:
Maximum total mismatches for specificity: 3
Maximum 3' end mismatches: 2
3' end region size (bp): 5
Maximum probe mismatches: 3

Directories:
Cache directory: 4_cache
Output directory: 4_
=======================================
Waiting for input: Do you want to modify specificity test settings? (yes/no): 
Waiting for input: Do you want to clear the cache and force new BLAST searches? (yes/no): 
Clearing cache directory: 4_cache
Cache cleared successfully
Found 4 primer files

Available primer files:
1: CONSENSUS_1_primers.csv
2: CONSENSUS_2_primers.csv
3: CONSENSUS_3_primers.csv
4: CONSENSUS_4_primers.csv
Waiting for input: Enter file numbers to analyze (comma-separated, or 'all'): 

Processing file 1 of 4: CONSENSUS_1_primers.csv
Read 10 primer pairs from 3_/CONSENSUS_1_primers.csv
Processing primer pair 1 (1 of 10)
Found 897 matching sequences.
Fetching taxonomy information for 897 matches, please wait..
Success
Progress: 10.0%
Processing primer pair 2 (2 of 10)
Found 1 matching sequences.
Fetching taxonomy information for 1 matches, please wait..
Success
Progress: 20.0%
Processing primer pair 3 (3 of 10)
Found 895 matching sequences.
Fetching taxonomy information for 895 matches, please wait..
Success
Progress: 30.0%
Processing primer pair 4 (4 of 10)
Using cached results for left primer: ATCACACCGTCCCTGAGTTT
Found 896 matching sequences.
Fetching taxonomy information for 896 matches, please wait..
Success
Progress: 40.0%
Processing primer pair 5 (5 of 10)
Using cached results for left primer: GGCATCCGGTGTGTAAGTAC
Found 1 matching sequences.
Fetching taxonomy information for 1 matches, please wait..
Success
Progress: 50.0%
Processing primer pair 6 (6 of 10)
Using cached results for left primer: ATCACACCGTCCCTGAGTTT
Found 895 matching sequences.
Fetching taxonomy information for 895 matches, please wait..
Success
Progress: 60.0%
Processing primer pair 7 (7 of 10)
Using cached results for left primer: ATCACACCGTCCCTGAGTTT
Found 897 matching sequences.
Fetching taxonomy information for 897 matches, please wait..
Success
Progress: 70.0%
Processing primer pair 8 (8 of 10)
Using cached results for left primer: TCACACCGTCCCTGAGTTTT
Found 894 matching sequences.
Fetching taxonomy information for 894 matches, please wait..
Success
Progress: 80.0%
Processing primer pair 9 (9 of 10)
Found 1 matching sequences.
Fetching taxonomy information for 1 matches, please wait..
Success
Progress: 90.0%
Processing primer pair 10 (10 of 10)
Found 1 matching sequences.
Fetching taxonomy information for 1 matches, please wait..
Success
Progress: 100.0%
Created HTML report at 4_/specificity_report_CONSENSUS_1_primers.html
Opening report in default browser: /Users/adamkuzdralinski/Desktop/PJATK/SoftwareX/PrimeSpecPCR-main/4_/specificity_report_CONSENSUS_1_primers.html

Specificity analysis complete! Report saved to 4_/specificity_report_CONSENSUS_1_primers.html
You can open an HTML file in the  web browser.

Processing file 2 of 4: CONSENSUS_2_primers.csv
Read 10 primer pairs from 3_/CONSENSUS_2_primers.csv
Processing primer pair 1 (1 of 10)
Found 182 matching sequences.
Fetching taxonomy information for 182 matches, please wait..
Success
Progress: 10.0%
Processing primer pair 2 (2 of 10)
Using cached results for left primer: TTGGTGAAGTCTGGTGTCGT
Found 182 matching sequences.
Fetching taxonomy information for 182 matches, please wait..
Success
Progress: 20.0%
Processing primer pair 3 (3 of 10)
Found 90 matching sequences.
Fetching taxonomy information for 90 matches, please wait..
Success
Progress: 30.0%
Processing primer pair 4 (4 of 10)
Found 236 matching sequences.
Fetching taxonomy information for 236 matches, please wait..
Success
Progress: 40.0%
Processing primer pair 5 (5 of 10)
Found 221 matching sequences.
Fetching taxonomy information for 221 matches, please wait..
Success
Progress: 50.0%
Processing primer pair 6 (6 of 10)
Found 170 matching sequences.
Fetching taxonomy information for 170 matches, please wait..
Success
Progress: 60.0%
Processing primer pair 7 (7 of 10)
Found 171 matching sequences.
Fetching taxonomy information for 171 matches, please wait..
Success
Progress: 70.0%
Processing primer pair 8 (8 of 10)
Using cached results for left primer: GTGGTTCACTGGTGCTCAAC
Found 91 matching sequences.
Fetching taxonomy information for 91 matches, please wait..
Success
Progress: 80.0%
Processing primer pair 9 (9 of 10)
Using cached results for left primer: GTGGTTCACTGGTGCTCAAC
Found 91 matching sequences.
Fetching taxonomy information for 91 matches, please wait..
Success
Progress: 90.0%
Processing primer pair 10 (10 of 10)
Using cached results for left primer: CGCAAACTGGAGCAAGACAA
Found 240 matching sequences.
Fetching taxonomy information for 240 matches, please wait..
Success
Progress: 100.0%
Created HTML report at 4_/specificity_report_CONSENSUS_2_primers.html
Opening report in default browser: /Users/adamkuzdralinski/Desktop/PJATK/SoftwareX/PrimeSpecPCR-main/4_/specificity_report_CONSENSUS_2_primers.html

Specificity analysis complete! Report saved to 4_/specificity_report_CONSENSUS_2_primers.html
You can open an HTML file in the  web browser.

Processing file 3 of 4: CONSENSUS_3_primers.csv
Read 10 primer pairs from 3_/CONSENSUS_3_primers.csv
Processing primer pair 1 (1 of 10)
Found 182 matching sequences.
Fetching taxonomy information for 182 matches, please wait..
Success
Progress: 10.0%
Processing primer pair 2 (2 of 10)
Found 1 matching sequences.
Fetching taxonomy information for 1 matches, please wait..
Success
Progress: 20.0%
Processing primer pair 3 (3 of 10)
Using cached results for left primer: TTGGTGAAGTCTGGTGTCGT
Found 1 matching sequences.
Fetching taxonomy information for 1 matches, please wait..
Success
Progress: 30.0%
Processing primer pair 4 (4 of 10)
Found 1 matching sequences.
Fetching taxonomy information for 1 matches, please wait..
Success
Progress: 40.0%
Processing primer pair 5 (5 of 10)
Using cached results for left primer: TTGGTGAAGTCTGGTGTCGT
Found 182 matching sequences.
Fetching taxonomy information for 182 matches, please wait..
Success
Progress: 50.0%
Processing primer pair 6 (6 of 10)
Found 90 matching sequences.
Fetching taxonomy information for 90 matches, please wait..
Success
Progress: 60.0%
Processing primer pair 7 (7 of 10)
Found 236 matching sequences.
Fetching taxonomy information for 236 matches, please wait..
Success
Progress: 70.0%
Processing primer pair 8 (8 of 10)
Found 170 matching sequences.
Fetching taxonomy information for 170 matches, please wait..
Success
Progress: 80.0%
Processing primer pair 9 (9 of 10)
Using cached results for left primer: CGCAAACTGGAGCAAGACAA
Found 2 matching sequences.
Fetching taxonomy information for 2 matches, please wait..
Success
Progress: 90.0%
Processing primer pair 10 (10 of 10)
Using cached results for left primer: GTGGTTCACTGGTGCTCAAC
Found 91 matching sequences.
Fetching taxonomy information for 91 matches, please wait..
Success
Progress: 100.0%
Created HTML report at 4_/specificity_report_CONSENSUS_3_primers.html
Opening report in default browser: /Users/adamkuzdralinski/Desktop/PJATK/SoftwareX/PrimeSpecPCR-main/4_/specificity_report_CONSENSUS_3_primers.html

Specificity analysis complete! Report saved to 4_/specificity_report_CONSENSUS_3_primers.html
You can open an HTML file in the  web browser.

Processing file 4 of 4: CONSENSUS_4_primers.csv
Read 10 primer pairs from 3_/CONSENSUS_4_primers.csv
Processing primer pair 1 (1 of 10)
Found 0 matching sequences.
Progress: 10.0%
Processing primer pair 2 (2 of 10)
Using cached results for left primer: ATGTGGATGGCAGGAAAGGA
Found 0 matching sequences.
Progress: 20.0%
Processing primer pair 3 (3 of 10)
Using cached results for left primer: ATGTGGATGGCAGGAAAGGA
Found 0 matching sequences.
Progress: 30.0%
Processing primer pair 4 (4 of 10)
Found 0 matching sequences.
Progress: 40.0%
Processing primer pair 5 (5 of 10)
Found 0 matching sequences.
Progress: 50.0%
Processing primer pair 6 (6 of 10)
Found 24 matching sequences.
Fetching taxonomy information for 24 matches, please wait..
Success
Progress: 60.0%
Processing primer pair 7 (7 of 10)
Using cached results for left primer: ATGTGGATGGCAGGAAAGGA
Found 0 matching sequences.
Progress: 70.0%
Processing primer pair 8 (8 of 10)
Using cached results for left primer: TTACTCGACGCTCTTCTCCG
Found 0 matching sequences.
Progress: 80.0%
Processing primer pair 9 (9 of 10)
Using cached results for left primer: AGTGCCAGGAACCGATTACT
Found 0 matching sequences.
Progress: 90.0%
Processing primer pair 10 (10 of 10)
Using cached results for left primer: ATGTGGATGGCAGGAAAGGA
Found 0 matching sequences.
Progress: 100.0%
Created HTML report at 4_/specificity_report_CONSENSUS_4_primers.html
Opening report in default browser: /Users/adamkuzdralinski/Desktop/PJATK/SoftwareX/PrimeSpecPCR-main/4_/specificity_report_CONSENSUS_4_primers.html

Specificity analysis complete! Report saved to 4_/specificity_report_CONSENSUS_4_primers.html
You can open an HTML file in the  web browser.
